Log file open, 11/29/20 18:23:23
LogInit: Display: Running engine for game: MyProject
LogPlatformFile: Not using cached read wrapper
LogTaskGraph: Started task graph with 5 named threads and 23 total threads with 3 sets of task threads.
LogStats: Stats thread started at 0.175910
LogD3D11RHI: Loaded GFSDK_Aftermath_Lib.x64.dll
LogICUInternationalization: ICU TimeZone Detection - Raw Offset: -6:00, Platform Override: ''
LogPluginManager: Mounting plugin Paper2D
LogPluginManager: Mounting plugin AISupport
LogPluginManager: Mounting plugin LightPropagationVolume
LogPluginManager: Mounting plugin CameraShakePreviewer
LogPluginManager: Mounting plugin ActorLayerUtilities
LogPluginManager: Mounting plugin AnimationSharing
LogPluginManager: Mounting plugin CLionSourceCodeAccess
LogPluginManager: Mounting plugin CodeLiteSourceCodeAccess
LogPluginManager: Mounting plugin GitSourceControl
LogPluginManager: Mounting plugin KDevelopSourceCodeAccess
LogPluginManager: Mounting plugin NullSourceCodeAccess
LogPluginManager: Mounting plugin PerforceSourceControl
LogPluginManager: Mounting plugin PlasticSourceControl
LogPluginManager: Mounting plugin RiderSourceCodeAccess
LogPluginManager: Mounting plugin SubversionSourceControl
LogPluginManager: Mounting plugin UObjectPlugin
LogPluginManager: Mounting plugin VisualStudioCodeSourceCodeAccess
LogPluginManager: Mounting plugin VisualStudioSourceCodeAccess
LogPluginManager: Mounting plugin XCodeSourceCodeAccess
LogPluginManager: Mounting plugin AssetManagerEditor
LogPluginManager: Mounting plugin CryptoKeys
LogPluginManager: Mounting plugin CurveEditorTools
LogPluginManager: Mounting plugin DataValidation
LogPluginManager: Mounting plugin EditorScriptingUtilities
LogPluginManager: Mounting plugin FacialAnimation
LogPluginManager: Mounting plugin GameplayTagsEditor
LogPluginManager: Mounting plugin GeometryMode
LogPluginManager: Mounting plugin MacGraphicsSwitching
LogPluginManager: Mounting plugin MaterialAnalyzer
LogPluginManager: Mounting plugin MobileLauncherProfileWizard
LogPluginManager: Mounting plugin PluginBrowser
LogPluginManager: Mounting plugin SpeedTreeImporter
LogPluginManager: Mounting plugin DatasmithContent
LogPluginManager: Mounting plugin VariantManagerContent
LogPluginManager: Mounting plugin AlembicImporter
LogPluginManager: Mounting plugin AutomationUtils
LogPluginManager: Mounting plugin BackChannel
LogPluginManager: Mounting plugin ChaosCloth
LogPluginManager: Mounting plugin ChaosClothEditor
LogPluginManager: Mounting plugin ChaosEditor
LogPluginManager: Mounting plugin ChaosNiagara
LogPluginManager: Mounting plugin ChaosSolverPlugin
LogPluginManager: Mounting plugin CharacterAI
LogPluginManager: Mounting plugin GeometryCache
LogPluginManager: Mounting plugin GeometryCollectionPlugin
LogPluginManager: Mounting plugin GeometryProcessing
LogPluginManager: Mounting plugin PlanarCut
LogPluginManager: Mounting plugin PlatformCrypto
LogPluginManager: Mounting plugin ProxyLODPlugin
LogPluginManager: Mounting plugin SkeletalReduction
LogPluginManager: Mounting plugin Niagara
LogPluginManager: Mounting plugin MagicLeap
LogPluginManager: Mounting plugin MagicLeapLightEstimation
LogPluginManager: Mounting plugin MagicLeapMedia
LogPluginManager: Mounting plugin MagicLeapPassableWorld
LogPluginManager: Mounting plugin MLSDK
LogPluginManager: Mounting plugin AndroidMedia
LogPluginManager: Mounting plugin AvfMedia
LogPluginManager: Mounting plugin ImgMedia
LogPluginManager: Mounting plugin MediaCompositing
LogPluginManager: Mounting plugin MediaPlayerEditor
LogPluginManager: Mounting plugin WebMMedia
LogPluginManager: Mounting plugin WmfMedia
LogPluginManager: Mounting plugin MeshPainting
LogPluginManager: Mounting plugin TcpMessaging
LogPluginManager: Mounting plugin UdpMessaging
LogPluginManager: Mounting plugin ActorSequence
LogPluginManager: Mounting plugin LevelSequenceEditor
LogPluginManager: Mounting plugin MatineeToLevelSequence
LogPluginManager: Mounting plugin MovieRenderPipeline
LogPluginManager: Mounting plugin TemplateSequence
LogPluginManager: Mounting plugin NetcodeUnitTest
LogPluginManager: Mounting plugin NUTUnrealEngine4
LogPluginManager: Mounting plugin OnlineSubsystemGooglePlay
LogPluginManager: Mounting plugin OnlineSubsystemIOS
LogPluginManager: Mounting plugin OnlineSubsystem
LogPluginManager: Mounting plugin OnlineSubsystemNull
LogPluginManager: Mounting plugin OnlineSubsystemUtils
LogPluginManager: Mounting plugin LauncherChunkInstaller
LogPluginManager: Mounting plugin AndroidDeviceProfileSelector
LogPluginManager: Mounting plugin AndroidMoviePlayer
LogPluginManager: Mounting plugin AndroidPermission
LogPluginManager: Mounting plugin AppleImageUtils
LogPluginManager: Mounting plugin AppleMoviePlayer
LogPluginManager: Mounting plugin ArchVisCharacter
LogPluginManager: Mounting plugin AssetTags
LogPluginManager: Mounting plugin AudioCapture
LogPluginManager: Mounting plugin CableComponent
LogPluginManager: Mounting plugin CustomMeshComponent
LogPluginManager: Mounting plugin EditableMesh
LogPluginManager: Mounting plugin ExampleDeviceProfileSelector
LogPluginManager: Mounting plugin GoogleCloudMessaging
LogPluginManager: Mounting plugin GooglePAD
LogPluginManager: Mounting plugin IOSDeviceProfileSelector
LogPluginManager: Mounting plugin LinuxDeviceProfileSelector
LogPluginManager: Mounting plugin LocationServicesBPLibrary
LogPluginManager: Mounting plugin MobilePatchingUtils
LogPluginManager: Mounting plugin OculusVR
LogPluginManager: Mounting plugin PhysXVehicles
LogPluginManager: Mounting plugin PostSplashScreen
LogPluginManager: Mounting plugin ProceduralMeshComponent
LogPluginManager: Mounting plugin RuntimePhysXCooking
LogPluginManager: Mounting plugin SignificanceManager
LogPluginManager: Mounting plugin SoundFields
LogPluginManager: Mounting plugin SteamVR
LogPluginManager: Mounting plugin Synthesis
LogPluginManager: Mounting plugin WebMMoviePlayer
LogPluginManager: Mounting plugin WindowsMoviePlayer
LogPluginManager: Mounting plugin ScreenshotTools
LogInit: Using libcurl 7.55.1-DEV
LogInit:  - built for x86_64-pc-win32
LogInit:  - supports SSL with OpenSSL/1.1.1
LogInit:  - supports HTTP deflate (compression) using libz 1.2.8
LogInit:  - other features:
LogInit:      CURL_VERSION_SSL
LogInit:      CURL_VERSION_LIBZ
LogInit:      CURL_VERSION_IPV6
LogInit:      CURL_VERSION_ASYNCHDNS
LogInit:      CURL_VERSION_LARGEFILE
LogInit:      CURL_VERSION_IDN
LogInit:  CurlRequestOptions (configurable via config and command line):
LogInit:  - bVerifyPeer = true  - Libcurl will verify peer certificate
LogInit:  - bUseHttpProxy = false  - Libcurl will NOT use HTTP proxy
LogInit:  - bDontReuseConnections = false  - Libcurl will reuse connections
LogInit:  - MaxHostConnections = 16  - Libcurl will limit the number of connections to a host
LogInit:  - LocalHostAddr = Default
LogInit:  - BufferSize = 65536
LogOnline: OSS: Creating online subsystem instance for: NULL
LogInit: WinSock: version 1.1 (2.2), MaxSocks=32767, MaxUdp=65467
LogOnline: OSS: TryLoadSubsystemAndSetDefault: Loaded subsystem for module [NULL]
LogInit: Build: ++UE4+Release-4.25-CL-13942748
LogInit: Engine Version: 4.25.3-13942748+++UE4+Release-4.25
LogInit: Compatible Engine Version: 4.25.0-13144385+++UE4+Release-4.25
LogInit: Net CL: 13144385
LogInit: OS: Windows 10 (Release 1909) (), CPU: Intel(R) Core(TM) i7-8550U CPU @ 1.80GHz, GPU: Intel(R) UHD Graphics 620
LogInit: Compiled (64-bit): Jul 25 2020 02:07:48
LogInit: Compiled with Visual C++: 19.24.28315.00
LogInit: Build Configuration: Development
LogInit: Branch Name: ++UE4+Release-4.25
LogInit: Command Line: 
LogInit: Base Directory: C:/Program Files/Epic Games/UE_4.25/Engine/Binaries/Win64/
LogInit: Allocator: TBB
LogInit: Installed Engine Build: 1
LogDevObjectVersion: Number of dev versions registered: 26
LogDevObjectVersion:   Dev-Blueprints (B0D832E4-1F89-4F0D-ACCF-7EB736FD4AA2): 10
LogDevObjectVersion:   Dev-Build (E1C64328-A22C-4D53-A36C-8E866417BD8C): 0
LogDevObjectVersion:   Dev-Core (375EC13C-06E4-48FB-B500-84F0262A717E): 4
LogDevObjectVersion:   Dev-Editor (E4B068ED-F494-42E9-A231-DA0B2E46BB41): 38
LogDevObjectVersion:   Dev-Framework (CFFC743F-43B0-4480-9391-14DF171D2073): 37
LogDevObjectVersion:   Dev-Mobile (B02B49B5-BB20-44E9-A304-32B752E40360): 2
LogDevObjectVersion:   Dev-Networking (A4E4105C-59A1-49B5-A7C5-40C4547EDFEE): 0
LogDevObjectVersion:   Dev-Online (39C831C9-5AE6-47DC-9A44-9C173E1C8E7C): 0
LogDevObjectVersion:   Dev-Physics (78F01B33-EBEA-4F98-B9B4-84EACCB95AA2): 4
LogDevObjectVersion:   Dev-Platform (6631380F-2D4D-43E0-8009-CF276956A95A): 0
LogDevObjectVersion:   Dev-Rendering (12F88B9F-8875-4AFC-A67C-D90C383ABD29): 43
LogDevObjectVersion:   Dev-Sequencer (7B5AE74C-D270-4C10-A958-57980B212A5A): 12
LogDevObjectVersion:   Dev-VR (D7296918-1DD6-4BDD-9DE2-64A83CC13884): 3
LogDevObjectVersion:   Dev-LoadTimes (C2A15278-BFE7-4AFE-6C17-90FF531DF755): 1
LogDevObjectVersion:   Private-Geometry (6EACA3D4-40EC-4CC1-B786-8BED09428FC5): 3
LogDevObjectVersion:   Dev-AnimPhys (29E575DD-E0A3-4627-9D10-D276232CDCEA): 17
LogDevObjectVersion:   Dev-Anim (AF43A65D-7FD3-4947-9873-3E8ED9C1BB05): 7
LogDevObjectVersion:   Dev-ReflectionCapture (6B266CEC-1EC7-4B8F-A30B-E4D90942FC07): 1
LogDevObjectVersion:   Dev-Automation (0DF73D61-A23F-47EA-B727-89E90C41499A): 1
LogDevObjectVersion:   FortniteMain (601D1886-AC64-4F84-AA16-D3DE0DEAC7D6): 31
LogDevObjectVersion:   Dev-Enterprise (9DFFBCD6-494F-0158-E221-12823C92A888): 10
LogDevObjectVersion:   Dev-Niagara (F2AED0AC-9AFE-416F-8664-AA7FFA26D6FC): 1
LogDevObjectVersion:   Dev-Destruction (174F1F0B-B4C6-45A5-B13F-2EE8D0FB917D): 10
LogDevObjectVersion:   Dev-Physics-Ext (35F94A83-E258-406C-A318-09F59610247C): 37
LogDevObjectVersion:   Dev-PhysicsMaterial-Chaos (B68FC16E-8B1B-42E2-B453-215C058844FE): 1
LogDevObjectVersion:   Dev-CineCamera (B2E18506-4273-CFC2-A54E-F4BB758BBA07): 1
LogInit: Presizing for max 25165824 objects, including 0 objects not considered by GC, pre-allocating 0 bytes for permanent pool.
LogConfig: Applying CVar settings from Section [/Script/Engine.StreamingSettings] File [C:/Users/HP/Documents/Proyecto_OptimizacionDeVideojuegos/Saved/Config/Windows/Engine.ini]
LogConfig: Setting CVar [[s.MinBulkDataSizeForAsyncLoading:131072]]
LogConfig: Setting CVar [[s.AsyncLoadingThreadEnabled:0]]
LogConfig: Setting CVar [[s.EventDrivenLoaderEnabled:1]]
LogConfig: Setting CVar [[s.WarnIfTimeLimitExceeded:0]]
LogConfig: Setting CVar [[s.TimeLimitExceededMultiplier:1.5]]
LogConfig: Setting CVar [[s.TimeLimitExceededMinTime:0.005]]
LogConfig: Setting CVar [[s.UseBackgroundLevelStreaming:1]]
LogConfig: Setting CVar [[s.PriorityAsyncLoadingExtraTime:15.0]]
LogConfig: Setting CVar [[s.LevelStreamingActorsUpdateTimeLimit:5.0]]
LogConfig: Setting CVar [[s.PriorityLevelStreamingActorsUpdateExtraTime:5.0]]
LogConfig: Setting CVar [[s.LevelStreamingComponentsRegistrationGranularity:10]]
LogConfig: Setting CVar [[s.UnregisterComponentsTimeLimit:1.0]]
LogConfig: Setting CVar [[s.LevelStreamingComponentsUnregistrationGranularity:5]]
LogConfig: Setting CVar [[s.FlushStreamingOnExit:1]]
LogInit: Object subsystem initialized
LogConfig: Setting CVar [[con.DebugEarlyDefault:1]]
LogConfig: Setting CVar [[r.setres:1280x720]]
[2020.11.30-00.23.24:066][  0]LogConfig: Setting CVar [[r.VSync:0]]
[2020.11.30-00.23.24:066][  0]LogConfig: Setting CVar [[r.RHICmdBypass:0]]
[2020.11.30-00.23.24:066][  0]LogConfig: Applying CVar settings from Section [/Script/Engine.RendererSettings] File [C:/Users/HP/Documents/Proyecto_OptimizacionDeVideojuegos/Saved/Config/Windows/Engine.ini]
[2020.11.30-00.23.24:066][  0]LogConfig: Setting CVar [[r.GPUCrashDebugging:0]]
[2020.11.30-00.23.24:066][  0]LogConfig: Applying CVar settings from Section [/Script/Engine.RendererOverrideSettings] File [C:/Users/HP/Documents/Proyecto_OptimizacionDeVideojuegos/Saved/Config/Windows/Engine.ini]
[2020.11.30-00.23.24:066][  0]LogConfig: Applying CVar settings from Section [/Script/Engine.StreamingSettings] File [C:/Users/HP/Documents/Proyecto_OptimizacionDeVideojuegos/Saved/Config/Windows/Engine.ini]
[2020.11.30-00.23.24:066][  0]LogConfig: Setting CVar [[s.MinBulkDataSizeForAsyncLoading:131072]]
[2020.11.30-00.23.24:066][  0]LogConfig: Setting CVar [[s.AsyncLoadingThreadEnabled:0]]
[2020.11.30-00.23.24:066][  0]LogConfig: Setting CVar [[s.EventDrivenLoaderEnabled:1]]
[2020.11.30-00.23.24:066][  0]LogConfig: Setting CVar [[s.WarnIfTimeLimitExceeded:0]]
[2020.11.30-00.23.24:066][  0]LogConfig: Setting CVar [[s.TimeLimitExceededMultiplier:1.5]]
[2020.11.30-00.23.24:066][  0]LogConfig: Setting CVar [[s.TimeLimitExceededMinTime:0.005]]
[2020.11.30-00.23.24:066][  0]LogConfig: Setting CVar [[s.UseBackgroundLevelStreaming:1]]
[2020.11.30-00.23.24:066][  0]LogConfig: Setting CVar [[s.PriorityAsyncLoadingExtraTime:15.0]]
[2020.11.30-00.23.24:066][  0]LogConfig: Setting CVar [[s.LevelStreamingActorsUpdateTimeLimit:5.0]]
[2020.11.30-00.23.24:066][  0]LogConfig: Setting CVar [[s.PriorityLevelStreamingActorsUpdateExtraTime:5.0]]
[2020.11.30-00.23.24:066][  0]LogConfig: Setting CVar [[s.LevelStreamingComponentsRegistrationGranularity:10]]
[2020.11.30-00.23.24:066][  0]LogConfig: Setting CVar [[s.UnregisterComponentsTimeLimit:1.0]]
[2020.11.30-00.23.24:066][  0]LogConfig: Setting CVar [[s.LevelStreamingComponentsUnregistrationGranularity:5]]
[2020.11.30-00.23.24:066][  0]LogConfig: Setting CVar [[s.FlushStreamingOnExit:1]]
[2020.11.30-00.23.24:066][  0]LogConfig: Applying CVar settings from Section [/Script/Engine.GarbageCollectionSettings] File [C:/Users/HP/Documents/Proyecto_OptimizacionDeVideojuegos/Saved/Config/Windows/Engine.ini]
[2020.11.30-00.23.24:066][  0]LogConfig: Setting CVar [[gc.MaxObjectsNotConsideredByGC:1]]
[2020.11.30-00.23.24:066][  0]LogConfig: Setting CVar [[gc.SizeOfPermanentObjectPool:0]]
[2020.11.30-00.23.24:066][  0]LogConfig: Setting CVar [[gc.FlushStreamingOnGC:0]]
[2020.11.30-00.23.24:066][  0]LogConfig: Setting CVar [[gc.NumRetriesBeforeForcingGC:10]]
[2020.11.30-00.23.24:066][  0]LogConfig: Setting CVar [[gc.AllowParallelGC:1]]
[2020.11.30-00.23.24:066][  0]LogConfig: Setting CVar [[gc.TimeBetweenPurgingPendingKillObjects:61.1]]
[2020.11.30-00.23.24:066][  0]LogConfig: Setting CVar [[gc.MaxObjectsInEditor:25165824]]
[2020.11.30-00.23.24:066][  0]LogConfig: Setting CVar [[gc.IncrementalBeginDestroyEnabled:1]]
[2020.11.30-00.23.24:066][  0]LogConfig: Setting CVar [[gc.CreateGCClusters:1]]
[2020.11.30-00.23.24:066][  0]LogConfig: Setting CVar [[gc.MinGCClusterSize:5]]
[2020.11.30-00.23.24:066][  0]LogConfig: Setting CVar [[gc.ActorClusteringEnabled:0]]
[2020.11.30-00.23.24:066][  0]LogConfig: Setting CVar [[gc.BlueprintClusteringEnabled:0]]
[2020.11.30-00.23.24:066][  0]LogConfig: Setting CVar [[gc.UseDisregardForGCOnDedicatedServers:0]]
[2020.11.30-00.23.24:066][  0]LogConfig: Applying CVar settings from Section [/Script/Engine.NetworkSettings] File [C:/Users/HP/Documents/Proyecto_OptimizacionDeVideojuegos/Saved/Config/Windows/Engine.ini]
[2020.11.30-00.23.24:066][  0]LogConfig: Applying CVar settings from Section [/Script/UnrealEd.CookerSettings] File [C:/Users/HP/Documents/Proyecto_OptimizacionDeVideojuegos/Saved/Config/Windows/Engine.ini]
[2020.11.30-00.23.24:068][  0]LogConfig: Applying CVar settings from Section [ViewDistanceQuality@3] File [C:/Users/HP/Documents/Proyecto_OptimizacionDeVideojuegos/Saved/Config/Windows/Scalability.ini]
[2020.11.30-00.23.24:068][  0]LogConfig: Setting CVar [[r.SkeletalMeshLODBias:0]]
[2020.11.30-00.23.24:068][  0]LogConfig: Setting CVar [[r.ViewDistanceScale:1.0]]
[2020.11.30-00.23.24:068][  0]LogConfig: Applying CVar settings from Section [AntiAliasingQuality@3] File [C:/Users/HP/Documents/Proyecto_OptimizacionDeVideojuegos/Saved/Config/Windows/Scalability.ini]
[2020.11.30-00.23.24:068][  0]LogConfig: Setting CVar [[r.PostProcessAAQuality:4]]
[2020.11.30-00.23.24:068][  0]LogConfig: Applying CVar settings from Section [ShadowQuality@3] File [C:/Users/HP/Documents/Proyecto_OptimizacionDeVideojuegos/Saved/Config/Windows/Scalability.ini]
[2020.11.30-00.23.24:068][  0]LogConfig: Setting CVar [[r.LightFunctionQuality:1]]
[2020.11.30-00.23.24:068][  0]LogConfig: Setting CVar [[r.ShadowQuality:5]]
[2020.11.30-00.23.24:068][  0]LogConfig: Setting CVar [[r.Shadow.CSM.MaxCascades:10]]
[2020.11.30-00.23.24:068][  0]LogConfig: Setting CVar [[r.Shadow.MaxResolution:2048]]
[2020.11.30-00.23.24:068][  0]LogConfig: Setting CVar [[r.Shadow.MaxCSMResolution:2048]]
[2020.11.30-00.23.24:068][  0]LogConfig: Setting CVar [[r.Shadow.RadiusThreshold:0.01]]
[2020.11.30-00.23.24:068][  0]LogConfig: Setting CVar [[r.Shadow.DistanceScale:1.0]]
[2020.11.30-00.23.24:068][  0]LogConfig: Setting CVar [[r.Shadow.CSM.TransitionScale:1.0]]
[2020.11.30-00.23.24:068][  0]LogConfig: Setting CVar [[r.Shadow.PreShadowResolutionFactor:1.0]]
[2020.11.30-00.23.24:068][  0]LogConfig: Setting CVar [[r.DistanceFieldShadowing:1]]
[2020.11.30-00.23.24:068][  0]LogConfig: Setting CVar [[r.DistanceFieldAO:1]]
[2020.11.30-00.23.24:068][  0]LogConfig: Setting CVar [[r.AOQuality:2]]
[2020.11.30-00.23.24:068][  0]LogConfig: Setting CVar [[r.VolumetricFog:1]]
[2020.11.30-00.23.24:068][  0]LogConfig: Setting CVar [[r.VolumetricFog.GridPixelSize:8]]
[2020.11.30-00.23.24:068][  0]LogConfig: Setting CVar [[r.VolumetricFog.GridSizeZ:128]]
[2020.11.30-00.23.24:068][  0]LogConfig: Setting CVar [[r.VolumetricFog.HistoryMissSupersampleCount:4]]
[2020.11.30-00.23.24:068][  0]LogConfig: Setting CVar [[r.LightMaxDrawDistanceScale:1]]
[2020.11.30-00.23.24:068][  0]LogConfig: Setting CVar [[r.CapsuleShadows:1]]
[2020.11.30-00.23.24:068][  0]LogConfig: Applying CVar settings from Section [PostProcessQuality@3] File [C:/Users/HP/Documents/Proyecto_OptimizacionDeVideojuegos/Saved/Config/Windows/Scalability.ini]
[2020.11.30-00.23.24:068][  0]LogConfig: Setting CVar [[r.MotionBlurQuality:4]]
[2020.11.30-00.23.24:068][  0]LogConfig: Setting CVar [[r.AmbientOcclusionMipLevelFactor:0.4]]
[2020.11.30-00.23.24:068][  0]LogConfig: Setting CVar [[r.AmbientOcclusionMaxQuality:100]]
[2020.11.30-00.23.24:068][  0]LogConfig: Setting CVar [[r.AmbientOcclusionLevels:-1]]
[2020.11.30-00.23.24:068][  0]LogConfig: Setting CVar [[r.AmbientOcclusionRadiusScale:1.0]]
[2020.11.30-00.23.24:068][  0]LogConfig: Setting CVar [[r.DepthOfFieldQuality:2]]
[2020.11.30-00.23.24:068][  0]LogConfig: Setting CVar [[r.RenderTargetPoolMin:400]]
[2020.11.30-00.23.24:068][  0]LogConfig: Setting CVar [[r.LensFlareQuality:2]]
[2020.11.30-00.23.24:069][  0]LogConfig: Setting CVar [[r.SceneColorFringeQuality:1]]
[2020.11.30-00.23.24:069][  0]LogConfig: Setting CVar [[r.EyeAdaptationQuality:2]]
[2020.11.30-00.23.24:069][  0]LogConfig: Setting CVar [[r.BloomQuality:5]]
[2020.11.30-00.23.24:069][  0]LogConfig: Setting CVar [[r.FastBlurThreshold:100]]
[2020.11.30-00.23.24:069][  0]LogConfig: Setting CVar [[r.Upscale.Quality:3]]
[2020.11.30-00.23.24:069][  0]LogConfig: Setting CVar [[r.Tonemapper.GrainQuantization:1]]
[2020.11.30-00.23.24:069][  0]LogConfig: Setting CVar [[r.LightShaftQuality:1]]
[2020.11.30-00.23.24:069][  0]LogConfig: Setting CVar [[r.Filter.SizeScale:1]]
[2020.11.30-00.23.24:069][  0]LogConfig: Setting CVar [[r.Tonemapper.Quality:5]]
[2020.11.30-00.23.24:069][  0]LogConfig: Setting CVar [[r.DOF.Gather.AccumulatorQuality:1        ; higher gathering accumulator quality]]
[2020.11.30-00.23.24:069][  0]LogConfig: Setting CVar [[r.DOF.Gather.PostfilterMethod:1          ; Median3x3 postfilering method]]
[2020.11.30-00.23.24:069][  0]LogConfig: Setting CVar [[r.DOF.Gather.EnableBokehSettings:0       ; no bokeh simulation when gathering]]
[2020.11.30-00.23.24:069][  0]LogConfig: Setting CVar [[r.DOF.Gather.RingCount:4                 ; medium number of samples when gathering]]
[2020.11.30-00.23.24:069][  0]LogConfig: Setting CVar [[r.DOF.Scatter.ForegroundCompositing:1    ; additive foreground scattering]]
[2020.11.30-00.23.24:069][  0]LogConfig: Setting CVar [[r.DOF.Scatter.BackgroundCompositing:2    ; additive background scattering]]
[2020.11.30-00.23.24:069][  0]LogConfig: Setting CVar [[r.DOF.Scatter.EnableBokehSettings:1      ; bokeh simulation when scattering]]
[2020.11.30-00.23.24:069][  0]LogConfig: Setting CVar [[r.DOF.Scatter.MaxSpriteRatio:0.1         ; only a maximum of 10% of scattered bokeh]]
[2020.11.30-00.23.24:069][  0]LogConfig: Setting CVar [[r.DOF.Recombine.Quality:1                ; cheap slight out of focus]]
[2020.11.30-00.23.24:069][  0]LogConfig: Setting CVar [[r.DOF.Recombine.EnableBokehSettings:0    ; no bokeh simulation on slight out of focus]]
[2020.11.30-00.23.24:069][  0]LogConfig: Setting CVar [[r.DOF.TemporalAAQuality:1                ; more stable temporal accumulation]]
[2020.11.30-00.23.24:069][  0]LogConfig: Setting CVar [[r.DOF.Kernel.MaxForegroundRadius:0.025]]
[2020.11.30-00.23.24:069][  0]LogConfig: Setting CVar [[r.DOF.Kernel.MaxBackgroundRadius:0.025]]
[2020.11.30-00.23.24:069][  0]LogConfig: Applying CVar settings from Section [TextureQuality@3] File [C:/Users/HP/Documents/Proyecto_OptimizacionDeVideojuegos/Saved/Config/Windows/Scalability.ini]
[2020.11.30-00.23.24:069][  0]LogConfig: Setting CVar [[r.Streaming.MipBias:0]]
[2020.11.30-00.23.24:069][  0]LogConfig: Setting CVar [[r.Streaming.AmortizeCPUToGPUCopy:0]]
[2020.11.30-00.23.24:069][  0]LogConfig: Setting CVar [[r.Streaming.MaxNumTexturesToStreamPerFrame:0]]
[2020.11.30-00.23.24:069][  0]LogConfig: Setting CVar [[r.Streaming.Boost:1]]
[2020.11.30-00.23.24:069][  0]LogConfig: Setting CVar [[r.MaxAnisotropy:8]]
[2020.11.30-00.23.24:069][  0]LogConfig: Setting CVar [[r.VT.MaxAnisotropy:8]]
[2020.11.30-00.23.24:069][  0]LogConfig: Setting CVar [[r.Streaming.LimitPoolSizeToVRAM:0]]
[2020.11.30-00.23.24:069][  0]LogConfig: Setting CVar [[r.Streaming.PoolSize:1000]]
[2020.11.30-00.23.24:069][  0]LogConfig: Setting CVar [[r.Streaming.MaxEffectiveScreenSize:0]]
[2020.11.30-00.23.24:069][  0]LogConfig: Applying CVar settings from Section [EffectsQuality@3] File [C:/Users/HP/Documents/Proyecto_OptimizacionDeVideojuegos/Saved/Config/Windows/Scalability.ini]
[2020.11.30-00.23.24:069][  0]LogConfig: Setting CVar [[r.TranslucencyLightingVolumeDim:64]]
[2020.11.30-00.23.24:069][  0]LogConfig: Setting CVar [[r.RefractionQuality:2]]
[2020.11.30-00.23.24:069][  0]LogConfig: Setting CVar [[r.SSR.Quality:3]]
[2020.11.30-00.23.24:069][  0]LogConfig: Setting CVar [[r.SSR.HalfResSceneColor:0]]
[2020.11.30-00.23.24:069][  0]LogConfig: Setting CVar [[r.SceneColorFormat:4]]
[2020.11.30-00.23.24:069][  0]LogConfig: Setting CVar [[r.DetailMode:2]]
[2020.11.30-00.23.24:069][  0]LogConfig: Setting CVar [[r.TranslucencyVolumeBlur:1]]
[2020.11.30-00.23.24:069][  0]LogConfig: Setting CVar [[r.MaterialQualityLevel:1 ; High quality]]
[2020.11.30-00.23.24:069][  0]LogConfig: Setting CVar [[r.SSS.Scale:1]]
[2020.11.30-00.23.24:069][  0]LogConfig: Setting CVar [[r.SSS.SampleSet:2]]
[2020.11.30-00.23.24:069][  0]LogConfig: Setting CVar [[r.SSS.Quality:1]]
[2020.11.30-00.23.24:069][  0]LogConfig: Setting CVar [[r.SSS.HalfRes:0]]
[2020.11.30-00.23.24:069][  0]LogConfig: Setting CVar [[r.SSGI.Quality:3]]
[2020.11.30-00.23.24:069][  0]LogConfig: Setting CVar [[r.EmitterSpawnRateScale:1.0]]
[2020.11.30-00.23.24:069][  0]LogConfig: Setting CVar [[r.ParticleLightQuality:2]]
[2020.11.30-00.23.24:069][  0]LogConfig: Setting CVar [[r.SkyAtmosphere.AerialPerspectiveLUT.FastApplyOnOpaque:1 ; Always have FastSkyLUT 1 in this case to avoid wrong sky]]
[2020.11.30-00.23.24:069][  0]LogConfig: Setting CVar [[r.SkyAtmosphere.AerialPerspectiveLUT.SampleCountPerSlice:1]]
[2020.11.30-00.23.24:069][  0]LogConfig: Setting CVar [[r.SkyAtmosphere.AerialPerspectiveLUT.DepthResolution:16.0]]
[2020.11.30-00.23.24:069][  0]LogConfig: Setting CVar [[r.SkyAtmosphere.FastSkyLUT:1]]
[2020.11.30-00.23.24:069][  0]LogConfig: Setting CVar [[r.SkyAtmosphere.FastSkyLUT.SampleCountMin:4.0]]
[2020.11.30-00.23.24:069][  0]LogConfig: Setting CVar [[r.SkyAtmosphere.FastSkyLUT.SampleCountMax:32.0]]
[2020.11.30-00.23.24:069][  0]LogConfig: Setting CVar [[r.SkyAtmosphere.SampleCountMin:4.0]]
[2020.11.30-00.23.24:069][  0]LogConfig: Setting CVar [[r.SkyAtmosphere.SampleCountMax:32.0]]
[2020.11.30-00.23.24:069][  0]LogConfig: Setting CVar [[r.SkyAtmosphere.TransmittanceLUT.UseSmallFormat:0]]
[2020.11.30-00.23.24:069][  0]LogConfig: Setting CVar [[r.SkyAtmosphere.TransmittanceLUT.SampleCount:10.0]]
[2020.11.30-00.23.24:069][  0]LogConfig: Setting CVar [[r.SkyAtmosphere.MultiScatteringLUT.SampleCount:15.0]]
[2020.11.30-00.23.24:069][  0]LogConfig: Applying CVar settings from Section [FoliageQuality@3] File [C:/Users/HP/Documents/Proyecto_OptimizacionDeVideojuegos/Saved/Config/Windows/Scalability.ini]
[2020.11.30-00.23.24:069][  0]LogConfig: Setting CVar [[foliage.DensityScale:1.0]]
[2020.11.30-00.23.24:069][  0]LogConfig: Setting CVar [[grass.DensityScale:1.0]]
[2020.11.30-00.23.24:069][  0]LogConfig: Applying CVar settings from Section [ShadingQuality@3] File [C:/Users/HP/Documents/Proyecto_OptimizacionDeVideojuegos/Saved/Config/Windows/Scalability.ini]
[2020.11.30-00.23.24:069][  0]LogConfig: Setting CVar [[r.HairStrands.SkyLighting.SampleCount:16]]
[2020.11.30-00.23.24:069][  0]LogConfig: Setting CVar [[r.HairStrands.SkyLighting.JitterIntegration:0]]
[2020.11.30-00.23.24:069][  0]LogConfig: Setting CVar [[r.HairStrands.SkyAO.SampleCount:16]]
[2020.11.30-00.23.24:069][  0]LogConfig: Setting CVar [[r.HairStrands.DeepShadow.SuperSampling:0]]
[2020.11.30-00.23.24:069][  0]LogConfig: Setting CVar [[r.HairStrands.VisibilityPPLL:0]]
[2020.11.30-00.23.24:069][  0]LogConfig: Setting CVar [[r.HairStrands.RasterizationScale:0.5]]
[2020.11.30-00.23.24:069][  0]LogConfig: Setting CVar [[r.HairStrands.VelocityRasterizationScale:1]]
[2020.11.30-00.23.24:069][  0]LogInit: Selected Device Profile: [Windows]
[2020.11.30-00.23.24:069][  0]LogInit: Applying CVar settings loaded from the selected device profile: [Windows]
[2020.11.30-00.23.24:069][  0]LogHAL: Display: Platform has ~ 8 GB [8502808576 / 8589934592 / 8], which maps to Default [LargestMinGB=32, LargerMinGB=12, DefaultMinGB=8, SmallerMinGB=6, SmallestMinGB=0)
[2020.11.30-00.23.24:069][  0]LogInit: Going up to parent DeviceProfile []
[2020.11.30-00.23.24:069][  0]LogConfig: Applying CVar settings from Section [ViewDistanceQuality@3] File [C:/Users/HP/Documents/Proyecto_OptimizacionDeVideojuegos/Saved/Config/Windows/Scalability.ini]
[2020.11.30-00.23.24:070][  0]LogConfig: Setting CVar [[r.SkeletalMeshLODBias:0]]
[2020.11.30-00.23.24:070][  0]LogConfig: Setting CVar [[r.ViewDistanceScale:1.0]]
[2020.11.30-00.23.24:070][  0]LogConfig: Applying CVar settings from Section [AntiAliasingQuality@3] File [C:/Users/HP/Documents/Proyecto_OptimizacionDeVideojuegos/Saved/Config/Windows/Scalability.ini]
[2020.11.30-00.23.24:070][  0]LogConfig: Setting CVar [[r.PostProcessAAQuality:4]]
[2020.11.30-00.23.24:070][  0]LogConfig: Applying CVar settings from Section [ShadowQuality@3] File [C:/Users/HP/Documents/Proyecto_OptimizacionDeVideojuegos/Saved/Config/Windows/Scalability.ini]
[2020.11.30-00.23.24:070][  0]LogConfig: Setting CVar [[r.LightFunctionQuality:1]]
[2020.11.30-00.23.24:070][  0]LogConfig: Setting CVar [[r.ShadowQuality:5]]
[2020.11.30-00.23.24:070][  0]LogConfig: Setting CVar [[r.Shadow.CSM.MaxCascades:10]]
[2020.11.30-00.23.24:070][  0]LogConfig: Setting CVar [[r.Shadow.MaxResolution:2048]]
[2020.11.30-00.23.24:070][  0]LogConfig: Setting CVar [[r.Shadow.MaxCSMResolution:2048]]
[2020.11.30-00.23.24:070][  0]LogConfig: Setting CVar [[r.Shadow.RadiusThreshold:0.01]]
[2020.11.30-00.23.24:070][  0]LogConfig: Setting CVar [[r.Shadow.DistanceScale:1.0]]
[2020.11.30-00.23.24:070][  0]LogConfig: Setting CVar [[r.Shadow.CSM.TransitionScale:1.0]]
[2020.11.30-00.23.24:070][  0]LogConfig: Setting CVar [[r.Shadow.PreShadowResolutionFactor:1.0]]
[2020.11.30-00.23.24:070][  0]LogConfig: Setting CVar [[r.DistanceFieldShadowing:1]]
[2020.11.30-00.23.24:070][  0]LogConfig: Setting CVar [[r.DistanceFieldAO:1]]
[2020.11.30-00.23.24:070][  0]LogConfig: Setting CVar [[r.AOQuality:2]]
[2020.11.30-00.23.24:070][  0]LogConfig: Setting CVar [[r.VolumetricFog:1]]
[2020.11.30-00.23.24:070][  0]LogConfig: Setting CVar [[r.VolumetricFog.GridPixelSize:8]]
[2020.11.30-00.23.24:070][  0]LogConfig: Setting CVar [[r.VolumetricFog.GridSizeZ:128]]
[2020.11.30-00.23.24:070][  0]LogConfig: Setting CVar [[r.VolumetricFog.HistoryMissSupersampleCount:4]]
[2020.11.30-00.23.24:070][  0]LogConfig: Setting CVar [[r.LightMaxDrawDistanceScale:1]]
[2020.11.30-00.23.24:070][  0]LogConfig: Setting CVar [[r.CapsuleShadows:1]]
[2020.11.30-00.23.24:070][  0]LogConfig: Applying CVar settings from Section [PostProcessQuality@3] File [C:/Users/HP/Documents/Proyecto_OptimizacionDeVideojuegos/Saved/Config/Windows/Scalability.ini]
[2020.11.30-00.23.24:070][  0]LogConfig: Setting CVar [[r.MotionBlurQuality:4]]
[2020.11.30-00.23.24:070][  0]LogConfig: Setting CVar [[r.AmbientOcclusionMipLevelFactor:0.4]]
[2020.11.30-00.23.24:070][  0]LogConfig: Setting CVar [[r.AmbientOcclusionMaxQuality:100]]
[2020.11.30-00.23.24:070][  0]LogConfig: Setting CVar [[r.AmbientOcclusionLevels:-1]]
[2020.11.30-00.23.24:070][  0]LogConfig: Setting CVar [[r.AmbientOcclusionRadiusScale:1.0]]
[2020.11.30-00.23.24:070][  0]LogConfig: Setting CVar [[r.DepthOfFieldQuality:2]]
[2020.11.30-00.23.24:070][  0]LogConfig: Setting CVar [[r.RenderTargetPoolMin:400]]
[2020.11.30-00.23.24:070][  0]LogConfig: Setting CVar [[r.LensFlareQuality:2]]
[2020.11.30-00.23.24:070][  0]LogConfig: Setting CVar [[r.SceneColorFringeQuality:1]]
[2020.11.30-00.23.24:070][  0]LogConfig: Setting CVar [[r.EyeAdaptationQuality:2]]
[2020.11.30-00.23.24:070][  0]LogConfig: Setting CVar [[r.BloomQuality:5]]
[2020.11.30-00.23.24:070][  0]LogConfig: Setting CVar [[r.FastBlurThreshold:100]]
[2020.11.30-00.23.24:070][  0]LogConfig: Setting CVar [[r.Upscale.Quality:3]]
[2020.11.30-00.23.24:070][  0]LogConfig: Setting CVar [[r.Tonemapper.GrainQuantization:1]]
[2020.11.30-00.23.24:070][  0]LogConfig: Setting CVar [[r.LightShaftQuality:1]]
[2020.11.30-00.23.24:070][  0]LogConfig: Setting CVar [[r.Filter.SizeScale:1]]
[2020.11.30-00.23.24:070][  0]LogConfig: Setting CVar [[r.Tonemapper.Quality:5]]
[2020.11.30-00.23.24:070][  0]LogConfig: Setting CVar [[r.DOF.Gather.AccumulatorQuality:1        ; higher gathering accumulator quality]]
[2020.11.30-00.23.24:070][  0]LogConfig: Setting CVar [[r.DOF.Gather.PostfilterMethod:1          ; Median3x3 postfilering method]]
[2020.11.30-00.23.24:070][  0]LogConfig: Setting CVar [[r.DOF.Gather.EnableBokehSettings:0       ; no bokeh simulation when gathering]]
[2020.11.30-00.23.24:070][  0]LogConfig: Setting CVar [[r.DOF.Gather.RingCount:4                 ; medium number of samples when gathering]]
[2020.11.30-00.23.24:070][  0]LogConfig: Setting CVar [[r.DOF.Scatter.ForegroundCompositing:1    ; additive foreground scattering]]
[2020.11.30-00.23.24:070][  0]LogConfig: Setting CVar [[r.DOF.Scatter.BackgroundCompositing:2    ; additive background scattering]]
[2020.11.30-00.23.24:070][  0]LogConfig: Setting CVar [[r.DOF.Scatter.EnableBokehSettings:1      ; bokeh simulation when scattering]]
[2020.11.30-00.23.24:070][  0]LogConfig: Setting CVar [[r.DOF.Scatter.MaxSpriteRatio:0.1         ; only a maximum of 10% of scattered bokeh]]
[2020.11.30-00.23.24:070][  0]LogConfig: Setting CVar [[r.DOF.Recombine.Quality:1                ; cheap slight out of focus]]
[2020.11.30-00.23.24:070][  0]LogConfig: Setting CVar [[r.DOF.Recombine.EnableBokehSettings:0    ; no bokeh simulation on slight out of focus]]
[2020.11.30-00.23.24:070][  0]LogConfig: Setting CVar [[r.DOF.TemporalAAQuality:1                ; more stable temporal accumulation]]
[2020.11.30-00.23.24:070][  0]LogConfig: Setting CVar [[r.DOF.Kernel.MaxForegroundRadius:0.025]]
[2020.11.30-00.23.24:070][  0]LogConfig: Setting CVar [[r.DOF.Kernel.MaxBackgroundRadius:0.025]]
[2020.11.30-00.23.24:070][  0]LogConfig: Applying CVar settings from Section [TextureQuality@3] File [C:/Users/HP/Documents/Proyecto_OptimizacionDeVideojuegos/Saved/Config/Windows/Scalability.ini]
[2020.11.30-00.23.24:070][  0]LogConfig: Setting CVar [[r.Streaming.MipBias:0]]
[2020.11.30-00.23.24:070][  0]LogConfig: Setting CVar [[r.Streaming.AmortizeCPUToGPUCopy:0]]
[2020.11.30-00.23.24:070][  0]LogConfig: Setting CVar [[r.Streaming.MaxNumTexturesToStreamPerFrame:0]]
[2020.11.30-00.23.24:070][  0]LogConfig: Setting CVar [[r.Streaming.Boost:1]]
[2020.11.30-00.23.24:070][  0]LogConfig: Setting CVar [[r.MaxAnisotropy:8]]
[2020.11.30-00.23.24:070][  0]LogConfig: Setting CVar [[r.VT.MaxAnisotropy:8]]
[2020.11.30-00.23.24:070][  0]LogConfig: Setting CVar [[r.Streaming.LimitPoolSizeToVRAM:0]]
[2020.11.30-00.23.24:070][  0]LogConfig: Setting CVar [[r.Streaming.PoolSize:1000]]
[2020.11.30-00.23.24:070][  0]LogConfig: Setting CVar [[r.Streaming.MaxEffectiveScreenSize:0]]
[2020.11.30-00.23.24:070][  0]LogConfig: Applying CVar settings from Section [EffectsQuality@3] File [C:/Users/HP/Documents/Proyecto_OptimizacionDeVideojuegos/Saved/Config/Windows/Scalability.ini]
[2020.11.30-00.23.24:070][  0]LogConfig: Setting CVar [[r.TranslucencyLightingVolumeDim:64]]
[2020.11.30-00.23.24:070][  0]LogConfig: Setting CVar [[r.RefractionQuality:2]]
[2020.11.30-00.23.24:070][  0]LogConfig: Setting CVar [[r.SSR.Quality:3]]
[2020.11.30-00.23.24:070][  0]LogConfig: Setting CVar [[r.SSR.HalfResSceneColor:0]]
[2020.11.30-00.23.24:070][  0]LogConfig: Setting CVar [[r.SceneColorFormat:4]]
[2020.11.30-00.23.24:070][  0]LogConfig: Setting CVar [[r.DetailMode:2]]
[2020.11.30-00.23.24:070][  0]LogConfig: Setting CVar [[r.TranslucencyVolumeBlur:1]]
[2020.11.30-00.23.24:070][  0]LogConfig: Setting CVar [[r.MaterialQualityLevel:1 ; High quality]]
[2020.11.30-00.23.24:070][  0]LogConfig: Setting CVar [[r.SSS.Scale:1]]
[2020.11.30-00.23.24:070][  0]LogConfig: Setting CVar [[r.SSS.SampleSet:2]]
[2020.11.30-00.23.24:070][  0]LogConfig: Setting CVar [[r.SSS.Quality:1]]
[2020.11.30-00.23.24:070][  0]LogConfig: Setting CVar [[r.SSS.HalfRes:0]]
[2020.11.30-00.23.24:070][  0]LogConfig: Setting CVar [[r.SSGI.Quality:3]]
[2020.11.30-00.23.24:070][  0]LogConfig: Setting CVar [[r.EmitterSpawnRateScale:1.0]]
[2020.11.30-00.23.24:070][  0]LogConfig: Setting CVar [[r.ParticleLightQuality:2]]
[2020.11.30-00.23.24:070][  0]LogConfig: Setting CVar [[r.SkyAtmosphere.AerialPerspectiveLUT.FastApplyOnOpaque:1 ; Always have FastSkyLUT 1 in this case to avoid wrong sky]]
[2020.11.30-00.23.24:070][  0]LogConfig: Setting CVar [[r.SkyAtmosphere.AerialPerspectiveLUT.SampleCountPerSlice:1]]
[2020.11.30-00.23.24:070][  0]LogConfig: Setting CVar [[r.SkyAtmosphere.AerialPerspectiveLUT.DepthResolution:16.0]]
[2020.11.30-00.23.24:070][  0]LogConfig: Setting CVar [[r.SkyAtmosphere.FastSkyLUT:1]]
[2020.11.30-00.23.24:070][  0]LogConfig: Setting CVar [[r.SkyAtmosphere.FastSkyLUT.SampleCountMin:4.0]]
[2020.11.30-00.23.24:070][  0]LogConfig: Setting CVar [[r.SkyAtmosphere.FastSkyLUT.SampleCountMax:32.0]]
[2020.11.30-00.23.24:070][  0]LogConfig: Setting CVar [[r.SkyAtmosphere.SampleCountMin:4.0]]
[2020.11.30-00.23.24:070][  0]LogConfig: Setting CVar [[r.SkyAtmosphere.SampleCountMax:32.0]]
[2020.11.30-00.23.24:070][  0]LogConfig: Setting CVar [[r.SkyAtmosphere.TransmittanceLUT.UseSmallFormat:0]]
[2020.11.30-00.23.24:070][  0]LogConfig: Setting CVar [[r.SkyAtmosphere.TransmittanceLUT.SampleCount:10.0]]
[2020.11.30-00.23.24:070][  0]LogConfig: Setting CVar [[r.SkyAtmosphere.MultiScatteringLUT.SampleCount:15.0]]
[2020.11.30-00.23.24:071][  0]LogConfig: Applying CVar settings from Section [FoliageQuality@3] File [C:/Users/HP/Documents/Proyecto_OptimizacionDeVideojuegos/Saved/Config/Windows/Scalability.ini]
[2020.11.30-00.23.24:071][  0]LogConfig: Setting CVar [[foliage.DensityScale:1.0]]
[2020.11.30-00.23.24:071][  0]LogConfig: Setting CVar [[grass.DensityScale:1.0]]
[2020.11.30-00.23.24:071][  0]LogConfig: Applying CVar settings from Section [ShadingQuality@3] File [C:/Users/HP/Documents/Proyecto_OptimizacionDeVideojuegos/Saved/Config/Windows/Scalability.ini]
[2020.11.30-00.23.24:071][  0]LogConfig: Setting CVar [[r.HairStrands.SkyLighting.SampleCount:16]]
[2020.11.30-00.23.24:071][  0]LogConfig: Setting CVar [[r.HairStrands.SkyLighting.JitterIntegration:0]]
[2020.11.30-00.23.24:071][  0]LogConfig: Setting CVar [[r.HairStrands.SkyAO.SampleCount:16]]
[2020.11.30-00.23.24:071][  0]LogConfig: Setting CVar [[r.HairStrands.DeepShadow.SuperSampling:0]]
[2020.11.30-00.23.24:071][  0]LogConfig: Setting CVar [[r.HairStrands.VisibilityPPLL:0]]
[2020.11.30-00.23.24:071][  0]LogConfig: Setting CVar [[r.HairStrands.RasterizationScale:0.5]]
[2020.11.30-00.23.24:071][  0]LogConfig: Setting CVar [[r.HairStrands.VelocityRasterizationScale:1]]
[2020.11.30-00.23.24:071][  0]LogConfig: Applying CVar settings from Section [Startup] File [../../../Engine/Config/ConsoleVariables.ini]
[2020.11.30-00.23.24:071][  0]LogConfig: Setting CVar [[net.UseAdaptiveNetUpdateFrequency:0]]
[2020.11.30-00.23.24:071][  0]LogConfig: Setting CVar [[p.chaos.AllowCreatePhysxBodies:1]]
[2020.11.30-00.23.24:071][  0]LogConfig: Setting CVar [[fx.SkipVectorVMBackendOptimizations:1]]
[2020.11.30-00.23.24:071][  0]LogConfig: Applying CVar settings from Section [ConsoleVariables] File [C:/Users/HP/Documents/Proyecto_OptimizacionDeVideojuegos/Saved/Config/Windows/Engine.ini]
[2020.11.30-00.23.24:071][  0]LogInit: Computer: DESKTOP-B20N73K
[2020.11.30-00.23.24:071][  0]LogInit: User: HP
[2020.11.30-00.23.24:071][  0]LogInit: CPU Page size=4096, Cores=4
[2020.11.30-00.23.24:071][  0]LogInit: High frequency timer resolution =10.000000 MHz
[2020.11.30-00.23.24:071][  0]LogMemory: Memory total: Physical=7.9GB (8GB approx)
[2020.11.30-00.23.24:071][  0]LogMemory: Platform Memory Stats for Windows
[2020.11.30-00.23.24:071][  0]LogMemory: Process Physical Memory: 113.84 MB used, 113.84 MB peak
[2020.11.30-00.23.24:071][  0]LogMemory: Process Virtual Memory: 96.32 MB used, 96.32 MB peak
[2020.11.30-00.23.24:071][  0]LogMemory: Physical Memory: 4900.43 MB used,  3208.48 MB free, 8108.91 MB total
[2020.11.30-00.23.24:071][  0]LogMemory: Virtual Memory: 5143.14 MB used,  134212584.00 MB free, 134217728.00 MB total
[2020.11.30-00.23.24:076][  0]LogWindows: WindowsPlatformFeatures enabled
[2020.11.30-00.23.24:103][  0]LogInit: Physics initialised using underlying interface: PhysX
[2020.11.30-00.23.24:103][  0]LogInit: Overriding language with editor language configuration option (en).
[2020.11.30-00.23.24:103][  0]LogInit: Overriding locale with editor locale configuration option (en).
[2020.11.30-00.23.24:264][  0]LogInit: Setting process to per monitor DPI aware
[2020.11.30-00.23.24:299][  0]LogSlate: New Slate User Created.  User Index 0, Is Virtual User: 0
[2020.11.30-00.23.24:299][  0]LogSlate: Slate User Registered.  User Index 0, Is Virtual User: 0
[2020.11.30-00.23.24:427][  0]LogHMD: Failed to initialize OpenVR with code 110
[2020.11.30-00.23.24:427][  0]LogD3D11RHI: D3D11 min allowed feature level: 11_0
[2020.11.30-00.23.24:427][  0]LogD3D11RHI: D3D11 max allowed feature level: 11_0
[2020.11.30-00.23.24:427][  0]LogD3D11RHI: D3D11 adapters:
[2020.11.30-00.23.24:497][  0]LogD3D11RHI:    0. 'Intel(R) UHD Graphics 620' (Feature Level 11_0)
[2020.11.30-00.23.24:497][  0]LogD3D11RHI:       128/0/4054 MB DedicatedVideo/DedicatedSystem/SharedSystem, Outputs:1, VendorId:0x8086
[2020.11.30-00.23.24:499][  0]LogD3D11RHI:    1. 'Microsoft Basic Render Driver' (Feature Level 11_0)
[2020.11.30-00.23.24:499][  0]LogD3D11RHI:       0/0/4054 MB DedicatedVideo/DedicatedSystem/SharedSystem, Outputs:0, VendorId:0x1414
[2020.11.30-00.23.24:499][  0]LogD3D11RHI: Chosen D3D11 Adapter: 0
[2020.11.30-00.23.24:505][  0]LogD3D11RHI: Creating new Direct3DDevice
[2020.11.30-00.23.24:505][  0]LogD3D11RHI:     GPU DeviceId: 0x5917 (for the marketing name, search the web for "GPU Device Id")
[2020.11.30-00.23.24:505][  0]LogWindows: EnumDisplayDevices:
[2020.11.30-00.23.24:505][  0]LogWindows:    0. 'Intel(R) UHD Graphics 620' (P:1 D:1)
[2020.11.30-00.23.24:505][  0]LogWindows:    1. 'Intel(R) UHD Graphics 620' (P:0 D:0)
[2020.11.30-00.23.24:506][  0]LogWindows:    2. 'Intel(R) UHD Graphics 620' (P:0 D:0)
[2020.11.30-00.23.24:506][  0]LogWindows: DebugString: FoundDriverCount:3 
[2020.11.30-00.23.24:506][  0]LogD3D11RHI:     Adapter Name: Intel(R) UHD Graphics 620
[2020.11.30-00.23.24:506][  0]LogD3D11RHI:   Driver Version: 27.20.100.8681 (internal:27.20.100.8681, unified:27.20.100.8681)
[2020.11.30-00.23.24:506][  0]LogD3D11RHI:      Driver Date: 9-5-2020
[2020.11.30-00.23.24:506][  0]LogRHI: Texture pool is 1508 MB (70% of 2155 MB)
[2020.11.30-00.23.24:567][  0]LogD3D11RHI: RHI does not have support for 64 bit atomics
[2020.11.30-00.23.24:568][  0]LogD3D11RHI: [IntelMetricsDiscovery] Started
[2020.11.30-00.23.24:568][  0]LogD3D11RHI: Async texture creation enabled
[2020.11.30-00.23.24:568][  0]LogD3D11RHI: Array index from any shader is supported
[2020.11.30-00.23.24:585][  0]LogD3D11RHI: GPU Timing Frequency: 12.000048 (Debug: 2 0)
[2020.11.30-00.23.24:891][  0]LogTargetPlatformManager: Display: Loaded TargetPlatform 'AllDesktop'
[2020.11.30-00.23.24:912][  0]LogTargetPlatformManager: Display: Loaded TargetPlatform 'Android'
[2020.11.30-00.23.24:912][  0]LogTargetPlatformManager: Display: Loaded TargetPlatform 'Android_ASTC'
[2020.11.30-00.23.24:912][  0]LogTargetPlatformManager: Display: Loaded TargetPlatform 'Android_DXT'
[2020.11.30-00.23.24:912][  0]LogTargetPlatformManager: Display: Loaded TargetPlatform 'Android_ETC2'
[2020.11.30-00.23.24:912][  0]LogTargetPlatformManager: Display: Loaded TargetPlatform 'AndroidClient'
[2020.11.30-00.23.24:912][  0]LogTargetPlatformManager: Display: Loaded TargetPlatform 'Android_ASTCClient'
[2020.11.30-00.23.24:912][  0]LogTargetPlatformManager: Display: Loaded TargetPlatform 'Android_DXTClient'
[2020.11.30-00.23.24:912][  0]LogTargetPlatformManager: Display: Loaded TargetPlatform 'Android_ETC2Client'
[2020.11.30-00.23.24:912][  0]LogTargetPlatformManager: Display: Loaded TargetPlatform 'Android_Multi'
[2020.11.30-00.23.24:912][  0]LogTargetPlatformManager: Display: Loaded TargetPlatform 'Android_MultiClient'
[2020.11.30-00.23.24:933][  0]LogTargetPlatformManager: Display: Loaded TargetPlatform 'IOSClient'
[2020.11.30-00.23.24:933][  0]LogTargetPlatformManager: Display: Loaded TargetPlatform 'IOS'
[2020.11.30-00.23.24:942][  0]LogTargetPlatformManager: Display: Loaded TargetPlatform 'Linux'
[2020.11.30-00.23.24:950][  0]LogTargetPlatformManager: Display: Loaded TargetPlatform 'LinuxNoEditor'
[2020.11.30-00.23.24:958][  0]LogTargetPlatformManager: Display: Loaded TargetPlatform 'LinuxClient'
[2020.11.30-00.23.24:966][  0]LogTargetPlatformManager: Display: Loaded TargetPlatform 'LinuxServer'
[2020.11.30-00.23.24:974][  0]LogTargetPlatformManager: Display: Loaded TargetPlatform 'LinuxAArch64NoEditor'
[2020.11.30-00.23.24:981][  0]LogTargetPlatformManager: Display: Loaded TargetPlatform 'LinuxAArch64Client'
[2020.11.30-00.23.24:989][  0]LogTargetPlatformManager: Display: Loaded TargetPlatform 'LinuxAArch64Server'
[2020.11.30-00.23.25:011][  0]LogTargetPlatformManager: Display: Loaded TargetPlatform 'Lumin'
[2020.11.30-00.23.25:011][  0]LogTargetPlatformManager: Display: Loaded TargetPlatform 'LuminClient'
[2020.11.30-00.23.25:025][  0]LogTargetPlatformManager: Display: Loaded TargetPlatform 'TVOSClient'
[2020.11.30-00.23.25:025][  0]LogTargetPlatformManager: Display: Loaded TargetPlatform 'TVOS'
[2020.11.30-00.23.25:033][  0]LogTargetPlatformManager: Display: Loaded TargetPlatform 'WindowsNoEditor'
[2020.11.30-00.23.25:041][  0]LogTargetPlatformManager: Display: Loaded TargetPlatform 'Windows'
[2020.11.30-00.23.25:049][  0]LogTargetPlatformManager: Display: Loaded TargetPlatform 'WindowsClient'
[2020.11.30-00.23.25:057][  0]LogTargetPlatformManager: Display: Loaded TargetPlatform 'WindowsServer'
[2020.11.30-00.23.25:057][  0]LogTargetPlatformManager: Display: Building Assets For Windows
[2020.11.30-00.23.25:064][  0]LogAudioDebug: Display: Lib vorbis DLL was dynamically loaded.
[2020.11.30-00.23.25:159][  0]LogShaderCompilers: Guid format shader working directory is -29 characters bigger than the processId version (../../../../../../Users/HP/Documents/Proyecto_OptimizacionDeVideojuegos/Intermediate/Shaders/WorkingDirectory/11012/).
[2020.11.30-00.23.25:159][  0]LogShaderCompilers: Cleaned the shader compiler working directory 'C:/Users/HP/AppData/Local/Temp/UnrealShaderWorkingDir/1482DE014EDB6F52B452BA9D9FCE2A26/'.
[2020.11.30-00.23.25:160][  0]LogXGEController: Cannot use XGE Controller as Incredibuild is not installed on this machine.
[2020.11.30-00.23.25:160][  0]LogShaderCompilers: Cannot use XGE Shader Compiler as Incredibuild is not installed on this machine.
[2020.11.30-00.23.25:160][  0]LogShaderCompilers: Display: Using Local Shader Compiler.
[2020.11.30-00.23.25:844][  0]LogDerivedDataCache: Display: Max Cache Size: 512 MB
[2020.11.30-00.23.25:897][  0]LogDerivedDataCache: Loaded boot cache 0.05s 75MB C:/Users/HP/AppData/Local/UnrealEngine/4.25/DerivedDataCache/Boot.ddc.
[2020.11.30-00.23.25:898][  0]LogDerivedDataCache: Display: Loaded Boot cache: C:/Users/HP/AppData/Local/UnrealEngine/4.25/DerivedDataCache/Boot.ddc
[2020.11.30-00.23.25:898][  0]LogDerivedDataCache: FDerivedDataBackendGraph:  Pak pak cache file ../../../../../../Users/HP/Documents/Proyecto_OptimizacionDeVideojuegos/DerivedDataCache/DDC.ddp not found, will not use a pak cache.
[2020.11.30-00.23.25:898][  0]LogDerivedDataCache: Unable to find inner node Pak for hierarchical cache Hierarchy.
[2020.11.30-00.23.25:898][  0]LogDerivedDataCache: FDerivedDataBackendGraph:  CompressedPak pak cache file ../../../../../../Users/HP/Documents/Proyecto_OptimizacionDeVideojuegos/DerivedDataCache/Compressed.ddp not found, will not use a pak cache.
[2020.11.30-00.23.25:898][  0]LogDerivedDataCache: Unable to find inner node CompressedPak for hierarchical cache Hierarchy.
[2020.11.30-00.23.25:908][  0]LogDerivedDataCache: Display: Pak cache opened for reading ../../../Engine/DerivedDataCache/Compressed.ddp.
[2020.11.30-00.23.25:908][  0]LogDerivedDataCache: FDerivedDataBackendGraph:  EnterprisePak pak cache file ../../../Enterprise/DerivedDataCache/Compressed.ddp not found, will not use a pak cache.
[2020.11.30-00.23.25:908][  0]LogDerivedDataCache: Unable to find inner node EnterprisePak for hierarchical cache Hierarchy.
[2020.11.30-00.23.25:909][  0]LogDerivedDataCache: Using Local data cache path C:/Users/HP/AppData/Local/UnrealEngine/Common/DerivedDataCache: Writable
[2020.11.30-00.23.25:909][  0]LogDerivedDataCache: Shared data cache path not found in *engine.ini, will not use an Shared cache.
[2020.11.30-00.23.25:909][  0]LogDerivedDataCache: Unable to find inner node Shared for hierarchical cache Hierarchy.
[2020.11.30-00.23.25:958][  0]LogSlate: Using FreeType 2.10.0
[2020.11.30-00.23.25:959][  0]LogSlate: SlateFontServices - WITH_FREETYPE: 1, WITH_HARFBUZZ: 1
[2020.11.30-00.23.25:987][  0]LogAssetRegistry: FAssetRegistry took 0.0023 seconds to start up
[2020.11.30-00.23.26:205][  0]LogInit: Selected Device Profile: [Windows]
[2020.11.30-00.23.26:310][  0]LogMeshReduction: Using QuadricMeshReduction for automatic static mesh reduction
[2020.11.30-00.23.26:310][  0]LogMeshReduction: Using SimplygonMeshReduction for automatic skeletal mesh reduction
[2020.11.30-00.23.26:310][  0]LogMeshReduction: Using ProxyLODMeshReduction for automatic mesh merging
[2020.11.30-00.23.26:310][  0]LogMeshReduction: No distributed automatic mesh merging module available
[2020.11.30-00.23.26:310][  0]LogMeshMerging: No distributed automatic mesh merging module available
[2020.11.30-00.23.26:323][  0]LogNetVersion: MyProject 1.0.0, NetCL: 13144385, EngineNetVer: 14, GameNetVer: 0 (Checksum: 709303259)
[2020.11.30-00.23.26:735][  0]LogAISub: UAISubsystem::UAISubsystem AISubsystem (0000024282754340), frame # 0
[2020.11.30-00.23.26:735][  0]LogAISub: UAISubsystem::UAISubsystem AIPerceptionSystem (0000024282675E40), frame # 0
[2020.11.30-00.23.26:736][  0]LogAISub: UAISubsystem::UAISubsystem EnvQueryManager (000002428268B200), frame # 0
[2020.11.30-00.23.26:788][  0]LogPackageLocalizationCache: Processed 19 localized package path(s) for 1 prioritized culture(s) in 0.046856 seconds
[2020.11.30-00.23.26:793][  0]LogUObjectArray: 15917 objects as part of root set at end of initial load.
[2020.11.30-00.23.26:793][  0]LogUObjectAllocator: 3965568 out of 0 bytes used by permanent object pool.
[2020.11.30-00.23.26:793][  0]LogUObjectArray: CloseDisregardForGC: 0/0 objects in disregard for GC pool
[2020.11.30-00.23.27:119][  0]LogTcpMessaging: Initializing TcpMessaging bridge
[2020.11.30-00.23.27:127][  0]LogUdpMessaging: Initializing bridge on interface 0.0.0.0:0 to multicast group 230.0.0.1:6666.
[2020.11.30-00.23.27:210][  0]SourceControl: Source control is disabled
[2020.11.30-00.23.27:210][  0]SourceControl: Source control is disabled
[2020.11.30-00.23.27:212][  0]SourceControl: Source control is disabled
[2020.11.30-00.23.27:215][  0]SourceControl: Source control is disabled
[2020.11.30-00.23.27:222][  0]SourceControl: Source control is disabled
[2020.11.30-00.23.27:436][  0]LogAndroidPermission: UAndroidPermissionCallbackProxy::GetInstance
[2020.11.30-00.23.27:455][  0]LogAudioCaptureCore: Display: No Audio Capture implementations found. Audio input will be silent.
[2020.11.30-00.23.27:455][  0]LogAudioCaptureCore: Display: No Audio Capture implementations found. Audio input will be silent.
[2020.11.30-00.23.27:511][  0]LogOcInput: OculusInput pre-init called
[2020.11.30-00.23.27:523][  0]LogWindows: Failed to load 'OVRPlugin.dll' (GetLastError=126)
[2020.11.30-00.23.27:523][  0]LogWindows: File 'OVRPlugin.dll' does not exist
[2020.11.30-00.23.27:581][  0]LogEngine: Initializing Engine...
[2020.11.30-00.23.27:582][  0]LogHMD: Failed to initialize OpenVR with code 110
[2020.11.30-00.23.27:582][  0]LogMagicLeap: Warning: VR disabled because ZI is not enabled.  To enable, in the editor, Edit -> Project Settings -> Plugins -> Magic Leap Plugin -> Enable Zero Iteration
[2020.11.30-00.23.27:583][  0]LogStats: UGameplayTagsManager::InitializeManager -  0.000 s
[2020.11.30-00.23.27:695][  0]LogInit: Initializing FReadOnlyCVARCache
[2020.11.30-00.23.27:704][  0]LogAIModule: Creating AISystem for world Untitled
[2020.11.30-00.23.27:704][  0]LogAISub: UAISubsystem::UAISubsystem EnvQueryManager (0000024285BD9800), frame # 0
[2020.11.30-00.23.27:704][  0]LogAISub: UAISubsystem::UAISubsystem AIPerceptionSystem (0000024285BC7380), frame # 0
[2020.11.30-00.23.27:845][  0]LogAudioMixer: Display: Audio Mixer Platform Settings:
[2020.11.30-00.23.27:845][  0]LogAudioMixer: Display: 	Sample Rate:						  48000
[2020.11.30-00.23.27:846][  0]LogAudioMixer: Display: 	Callback Buffer Frame Size Requested: 1024
[2020.11.30-00.23.27:846][  0]LogAudioMixer: Display: 	Callback Buffer Frame Size To Use:	  1024
[2020.11.30-00.23.27:846][  0]LogAudioMixer: Display: 	Number of buffers to queue:			  2
[2020.11.30-00.23.27:846][  0]LogAudioMixer: Display: 	Max Channels (voices):				  32
[2020.11.30-00.23.27:846][  0]LogAudioMixer: Display: 	Number of Async Source Workers:		  0
[2020.11.30-00.23.27:846][  0]LogAudio: Display: AudioDevice MaxSources: 32
[2020.11.30-00.23.27:846][  0]LogAudio: Display: Using built-in audio occlusion.
[2020.11.30-00.23.27:846][  0]LogAudioMixer: Display: Initializing audio mixer.
[2020.11.30-00.23.27:862][  0]LogAudioMixer: Display: 0: FrontLeft
[2020.11.30-00.23.27:862][  0]LogAudioMixer: Display: 1: FrontRight
[2020.11.30-00.23.28:073][  0]LogAudioMixer: Display: Using Audio Device Altavoces (2- Realtek High Definition Audio)
[2020.11.30-00.23.28:076][  0]LogAudioMixer: Display: Initializing Sound Submixes...
[2020.11.30-00.23.28:078][  0]LogAudioMixer: Display: Creating Master Submix 'MasterSubmixDefault'
[2020.11.30-00.23.28:078][  0]LogAudioMixer: Display: Creating Master Submix 'MasterReverbSubmixDefault'
[2020.11.30-00.23.28:079][  0]LogAudioMixer: Display: Creating Master Submix 'MasterEQSubmixDefault'
[2020.11.30-00.23.28:080][  0]LogInit: FAudioDevice initialized.
[2020.11.30-00.23.28:080][  0]LogNetVersion: Set ProjectVersion to 1.0.0.0. Version Checksum will be recalculated on next use.
[2020.11.30-00.23.28:175][  0]LogDerivedDataCache: Saved boot cache 0.10s 75MB C:/Users/HP/AppData/Local/UnrealEngine/4.25/DerivedDataCache/Boot.ddc.
[2020.11.30-00.23.28:193][  0]LogInit: Texture streaming: Enabled
[2020.11.30-00.23.28:257][  0]LogEngineSessionManager: EngineSessionManager initialized
[2020.11.30-00.23.28:257][  0]LogEditorSessionSummary: Verbose: Initializing EditorSessionSummaryWriter for editor session tracking
[2020.11.30-00.23.28:265][  0]LogEditorSessionSummary: EditorSessionSummaryWriter initialized
[2020.11.30-00.23.28:470][  0]LogInit: Transaction tracking system initialized
[2020.11.30-00.23.28:531][  0]BlueprintLog: New page: Editor Load
[2020.11.30-00.23.28:707][  0]LocalizationService: Localization service is disabled
[2020.11.30-00.23.28:990][  0]LogCook: Display: Max memory allowance for cook 16384mb min free memory 0mb
[2020.11.30-00.23.28:990][  0]LogCook: Display: Mobile HDR setting 1
[2020.11.30-00.23.29:076][  0]LogFileCache: Scanning file cache for directory 'C:/Users/HP/Documents/Proyecto_OptimizacionDeVideojuegos/Content/' took 0.01s
[2020.11.30-00.23.29:344][  0]SourceControl: Source control is disabled
[2020.11.30-00.23.29:344][  0]LogUnrealEdMisc: Loading editor; pre map load, took 6.670
[2020.11.30-00.23.29:344][  0]Cmd: MAP LOAD FILE="../../../../../../Users/HP/Documents/Proyecto_OptimizacionDeVideojuegos/Content/ThirdPersonBP/Maps/ObjectsMap.umap" TEMPLATE=0 SHOWPROGRESS=1 FEATURELEVEL=3
[2020.11.30-00.23.29:345][  0]LightingResults: New page: Lighting Build
[2020.11.30-00.23.29:345][  0]LogWorld: UWorld::CleanupWorld for Untitled, bSessionEnded=true, bCleanupResources=true
[2020.11.30-00.23.29:345][  0]LogSlate: InvalidateAllWidgets triggered.  All widgets were invalidated
[2020.11.30-00.23.29:345][  0]MapCheck: New page: Map Check
[2020.11.30-00.23.29:345][  0]LightingResults: New page: Lighting Build
[2020.11.30-00.23.29:354][  0]LogAISub: UAISubsystem::~UAISubsystem EnvQueryManager (0000024285BD9800), frame # 0
[2020.11.30-00.23.29:354][  0]LogAISub: UAISubsystem::~UAISubsystem AIPerceptionSystem (0000024285BC7380), frame # 0
[2020.11.30-00.23.29:355][  0]LogUObjectHash: Compacting FUObjectHashTables data took   0.66ms
[2020.11.30-00.23.30:029][  0]LogAIModule: Creating AISystem for world ObjectsMap
[2020.11.30-00.23.30:029][  0]LogAISub: UAISubsystem::UAISubsystem EnvQueryManager (000002428F5D3E00), frame # 0
[2020.11.30-00.23.30:029][  0]LogAISub: UAISubsystem::UAISubsystem AIPerceptionSystem (0000024293945300), frame # 0
[2020.11.30-00.23.30:056][  0]LogScript: Warning: Attempted to access TRASH_SkeletalMeshComponent_12 via property skin, but TRASH_SkeletalMeshComponent_12 is pending kill
	AB_MovementB_C /Game/ThirdPersonBP/Maps/ObjectsMap.ObjectsMap:PersistentLevel.BP_GRFH1_CharacterP_2.skin.AB_MovementB_C_0
	Function /Game/GR_Stylized_Female_01/Character/Animations/AB_MovementB.AB_MovementB_C:ExecuteUbergraph_AB_MovementB:08FF
[2020.11.30-00.23.30:057][  0]LogScript: Warning: Attempted to access TRASH_SceneComponent_5 via property FinalLoc, but TRASH_SceneComponent_5 is pending kill
	AB_MovementB_C /Game/ThirdPersonBP/Maps/ObjectsMap.ObjectsMap:PersistentLevel.BP_GRFH1_CharacterP_2.skin.AB_MovementB_C_0
	Function /Game/GR_Stylized_Female_01/Character/Animations/AB_MovementB.AB_MovementB_C:ExecuteUbergraph_AB_MovementB:0F39
[2020.11.30-00.23.30:060][  0]LogEditorServer: Finished looking for orphan Actors (0.000 secs)
[2020.11.30-00.23.30:157][  0]LogUObjectHash: Compacting FUObjectHashTables data took   0.86ms
[2020.11.30-00.23.30:160][  0]Cmd: MAP CHECKDEP NOCLEARLOG
[2020.11.30-00.23.30:160][  0]MapCheck: Map check complete: 0 Error(s), 0 Warning(s), took 0.179ms to complete.
[2020.11.30-00.23.30:160][  0]LogFileHelpers: Loading map 'ObjectsMap' took 0.816
[2020.11.30-00.23.30:162][  0]LogUnrealEdMisc: Total Editor Startup Time, took 7.487
[2020.11.30-00.23.30:342][  0]LogSlate: Updating window title bar state: overlay mode, drag disabled, window buttons hidden, title bar hidden
[2020.11.30-00.23.30:368][  0]LogSlate: Updating window title bar state: overlay mode, drag disabled, window buttons hidden, title bar hidden
[2020.11.30-00.23.30:392][  0]LogSlate: Updating window title bar state: overlay mode, drag disabled, window buttons hidden, title bar hidden
[2020.11.30-00.23.30:406][  0]LogSlate: Updating window title bar state: overlay mode, drag disabled, window buttons hidden, title bar hidden
[2020.11.30-00.23.30:420][  0]LogCollectionManager: Loaded 0 collections in 0.003601 seconds
[2020.11.30-00.23.30:437][  0]LogFileCache: Scanning file cache for directory 'C:/Users/HP/Documents/Proyecto_OptimizacionDeVideojuegos/Saved/Collections/' took 0.00s
[2020.11.30-00.23.30:437][  0]LogFileCache: Scanning file cache for directory 'C:/Users/HP/Documents/Proyecto_OptimizacionDeVideojuegos/Content/Developers/HP/Collections/' took 0.00s
[2020.11.30-00.23.30:437][  0]LogFileCache: Scanning file cache for directory 'C:/Users/HP/Documents/Proyecto_OptimizacionDeVideojuegos/Content/Collections/' took 0.00s
[2020.11.30-00.23.30:437][  0]LogContentBrowser: Native class hierarchy populated in 0.0108 seconds. Added 3427 classes and 821 folders.
[2020.11.30-00.23.30:440][  0]LogContentBrowser: Native class hierarchy updated for 'WidgetCarousel' in 0.0002 seconds. Added 0 classes and 0 folders.
[2020.11.30-00.23.30:485][  0]LogContentBrowser: Native class hierarchy updated for 'AddContentDialog' in 0.0002 seconds. Added 0 classes and 0 folders.
[2020.11.30-00.23.30:486][  0]LogContentBrowser: Native class hierarchy updated for 'SceneOutliner' in 0.0002 seconds. Added 2 classes and 0 folders.
[2020.11.30-00.23.30:532][  0]LogSlate: Took 0.000361 seconds to synchronously load lazily loaded font '../../../Engine/Content/Slate/Fonts/Roboto-Regular.ttf' (155K)
[2020.11.30-00.23.30:538][  0]LogSlate: Took 0.000294 seconds to synchronously load lazily loaded font '../../../Engine/Content/Slate/Fonts/Roboto-Bold.ttf' (160K)
[2020.11.30-00.23.30:552][  0]LogSlate: Took 0.000388 seconds to synchronously load lazily loaded font '../../../Engine/Content/Editor/Slate/Fonts/FontAwesome.ttf' (139K)
[2020.11.30-00.23.30:629][  0]LogRenderer: Reallocating scene render targets to support 856x332 Format 10 NumSamples 1 (Frame:1).
[2020.11.30-00.23.31:056][  0]LogContentBrowser: Native class hierarchy updated for 'HierarchicalLODOutliner' in 0.0004 seconds. Added 0 classes and 0 folders.
[2020.11.30-00.23.31:056][  0]LogLoad: (Engine Initialization) Total time: 8.38 seconds
[2020.11.30-00.23.31:056][  0]LogLoad: (Engine Initialization) Total Blueprint compile time: 0.00 seconds
[2020.11.30-00.23.31:122][  0]LogContentStreaming: Texture pool size now 1000 MB
[2020.11.30-00.23.31:137][  0]LogSlate: Took 0.000181 seconds to synchronously load lazily loaded font '../../../Engine/Content/Slate/Fonts/Roboto-Light.ttf' (167K)
[2020.11.30-00.23.31:154][  1]LogAssetRegistry: Asset discovery search completed in 5.1690 seconds
[2020.11.30-00.23.31:159][  1]LogCollectionManager: Fixed up redirectors for 0 collections in 0.000004 seconds (updated 0 objects)
[2020.11.30-00.23.44:017][451]LogSlate: Took 0.000381 seconds to synchronously load lazily loaded font '../../../Engine/Content/Slate/Fonts/Roboto-Light.ttf' (167K)
[2020.11.30-00.23.44:228][451]LogAssetEditorSubsystem: Opening Asset editor for World /Game/Level/NIVELn30n.NIVELn30n
[2020.11.30-00.23.44:289][451]LogUObjectHash: Compacting FUObjectHashTables data took   1.50ms
[2020.11.30-00.23.44:291][451]Cmd: MAP LOAD FILE="../../../../../../Users/HP/Documents/Proyecto_OptimizacionDeVideojuegos/Content/Level/NIVELn30n.umap" TEMPLATE=0 SHOWPROGRESS=1 FEATURELEVEL=3
[2020.11.30-00.23.44:293][451]LightingResults: New page: Lighting Build
[2020.11.30-00.23.44:293][451]LoadErrors: New page: Loading map: NIVELn30n.umap
[2020.11.30-00.23.44:333][451]LogWorld: UWorld::CleanupWorld for ObjectsMap, bSessionEnded=true, bCleanupResources=true
[2020.11.30-00.23.44:333][451]LogSlate: InvalidateAllWidgets triggered.  All widgets were invalidated
[2020.11.30-00.23.44:334][451]MapCheck: New page: Map Check
[2020.11.30-00.23.44:334][451]LightingResults: New page: Lighting Build
[2020.11.30-00.23.44:346][451]LogAISub: UAISubsystem::~UAISubsystem EnvQueryManager (000002428F5D3E00), frame # 451
[2020.11.30-00.23.44:347][451]LogAISub: UAISubsystem::~UAISubsystem AIPerceptionSystem (0000024293945300), frame # 451
[2020.11.30-00.23.44:348][451]LogUObjectHash: Compacting FUObjectHashTables data took   1.08ms
[2020.11.30-00.23.44:407][451]LogEditorServer: Finished looking for orphan Actors (0.000 secs)
[2020.11.30-00.23.44:407][451]LogAIModule: Creating AISystem for world NIVELn30n
[2020.11.30-00.23.44:407][451]LogAISub: UAISubsystem::UAISubsystem EnvQueryManager (000002428F5D2600), frame # 451
[2020.11.30-00.23.44:407][451]LogAISub: UAISubsystem::UAISubsystem AIPerceptionSystem (00000242AA9E6200), frame # 451
[2020.11.30-00.23.44:448][451]LogUObjectHash: Compacting FUObjectHashTables data took   1.22ms
[2020.11.30-00.23.44:479][451]Cmd: MAP CHECKDEP NOCLEARLOG
[2020.11.30-00.23.44:479][451]MapCheck: Map check complete: 0 Error(s), 0 Warning(s), took 0.128ms to complete.
[2020.11.30-00.23.44:479][451]LogFileHelpers: Loading map 'NIVELn30n' took 0.189
[2020.11.30-00.23.49:932][686]LogEditorViewport: Clicking on Actor (LMB): Building_B_BP_C (Building_B_BP7)
[2020.11.30-00.23.51:069][730]LogEditorViewport: Clicking on Actor (LMB): Building_A_BP_C (Building_A_BP7)
[2020.11.30-00.23.51:504][746]Cmd: CAMERA ALIGN ACTIVEVIEWPORTONLY
[2020.11.30-00.24.15:144][722]LogScript: Warning: Accessed None trying to read property skin
	AB_MovementB_C /Engine/Transient.World_5:PersistentLevel.BP_GRFH1_CharacterP_C_0.skin.AB_MovementB_C_0
	Function /Game/GR_Stylized_Female_01/Character/Animations/AB_MovementB.AB_MovementB_C:ExecuteUbergraph_AB_MovementB:08FF
[2020.11.30-00.24.15:145][722]LogScript: Warning: Accessed None trying to read property FinalLoc
	AB_MovementB_C /Engine/Transient.World_5:PersistentLevel.BP_GRFH1_CharacterP_C_0.skin.AB_MovementB_C_0
	Function /Game/GR_Stylized_Female_01/Character/Animations/AB_MovementB.AB_MovementB_C:ExecuteUbergraph_AB_MovementB:0F39
[2020.11.30-00.25.58:718][444]LogEditorViewport: Clicking on Actor (LMB): StaticMeshActor (Floor)
[2020.11.30-00.26.00:641][521]LogEditorViewport: Clicking on Actor (LMB): Building_C_BP_C (Building_C_BP)
[2020.11.30-00.26.32:131][ 30]LogEditorViewport: Clicking on Actor (LMB): Building_B_BP_C (Building_B_BP7)
[2020.11.30-00.26.32:461][ 44]Cmd: CAMERA ALIGN ACTIVEVIEWPORTONLY
[2020.11.30-00.26.40:864][443]Cmd: TRANSACTION UNDO
[2020.11.30-00.26.40:864][443]LogEditorTransaction: Undo Scale Actors
[2020.11.30-00.26.41:966][485]LogEditorViewport: Clicking on Actor (LMB): BP_Sky_Sphere_C (Sky Sphere)
[2020.11.30-00.26.45:378][636]LogEditorViewport: Clicking on Actor (LMB): Building_C_BP_C (Building_C_BP)
[2020.11.30-00.26.51:494][926]Cmd: CAMERA ALIGN ACTIVEVIEWPORTONLY
[2020.11.30-00.26.56:921][192]Cmd: CAMERA ALIGN ACTIVEVIEWPORTONLY
[2020.11.30-00.27.27:414][697]LogNavigationPoint: PostEditMove Clear paths rebuilt
[2020.11.30-00.27.28:677][758]LogNavigationPoint: PostEditMove Clear paths rebuilt
[2020.11.30-00.27.29:440][794]LogEditorViewport: Clicking on Actor (LMB): Building_C_BP_C (Building_C_BP)
[2020.11.30-00.27.35:414][ 87]LogEditorViewport: Clicking on Actor (LMB): BP_Sky_Sphere_C (Sky Sphere)
[2020.11.30-00.27.36:216][122]LogEditorViewport: Clicking on Actor (LMB): Building_C_BP_C (Building_C_BP2)
[2020.11.30-00.28.03:708][491]LogEditorViewport: Clicking on Actor (LMB): StaticMeshActor (Floor)
[2020.11.30-00.28.08:219][708]LogEditorViewport: Clicking on Actor (LMB): Building_C_BP_C (Building_C_BP2)
[2020.11.30-00.28.28:408][697]Cmd: CAMERA ALIGN ACTIVEVIEWPORTONLY
[2020.11.30-00.29.44:677][436]LogEditorViewport: Clicking on Actor (LMB): BP_Sky_Sphere_C (Sky Sphere)
[2020.11.30-00.29.55:755][959]LogEditorViewport: Clicking on Actor (LMB): Building_C_BP_C (Building_C_BP2)
[2020.11.30-00.29.56:674][  2]LogEditorViewport: Clicking on Actor (LMB): BP_Sky_Sphere_C (Sky Sphere)
[2020.11.30-00.30.01:114][204]LogEditorViewport: Clicking on Actor (LMB): Building_B_BP_C (Building_B_BP5)
[2020.11.30-00.30.01:451][218]Cmd: CAMERA ALIGN ACTIVEVIEWPORTONLY
[2020.11.30-00.30.07:229][490]LogEditorViewport: Clicking on Actor (LMB): Building_B_BP_C (Building_B_BP7)
[2020.11.30-00.30.07:863][519]Cmd: CAMERA ALIGN ACTIVEVIEWPORTONLY
[2020.11.30-00.30.09:100][577]LogEditorViewport: Clicking on Actor (LMB): Building_D_BP_C (Building_D_BP3)
[2020.11.30-00.30.18:596][  3]Cmd: CAMERA ALIGN ACTIVEVIEWPORTONLY
[2020.11.30-00.31.32:370][637]LogEditorViewport: Clicking on Actor (LMB): StaticMeshActor (Floor)
[2020.11.30-00.32.41:353][793]LogEditorViewport: Clicking on Actor (LMB): Building_D_BP_C (Building_D_BP4)
[2020.11.30-00.32.58:970][601]LogEditorViewport: Clicking on Actor (LMB): Building_C_BP_C (Building_C_BP2)
[2020.11.30-00.33.02:063][740]LogEditorViewport: Clicking on Actor (LMB): StaticMeshActor (Floor)
[2020.11.30-00.33.04:236][835]LogEditorViewport: Clicking on Actor (LMB): Building_C_BP_C (Building_C_BP4)
[2020.11.30-00.33.08:903][ 48]LogEditorViewport: Clicking on Actor (LMB): BP_Sky_Sphere_C (Sky Sphere)
[2020.11.30-00.33.12:158][191]LogEditorViewport: Clicking on Actor (LMB): Building_D_BP_C (Building_D_BP5)
[2020.11.30-00.33.23:616][715]LogEditorViewport: Clicking on Actor (LMB): BP_Sky_Sphere_C (Sky Sphere)
[2020.11.30-00.33.51:322][840]LogEditorViewport: Clicking on Actor (LMB): BP_Sky_Sphere_C (Sky Sphere)
[2020.11.30-00.33.58:379][ 44]LogUObjectHash: Compacting FUObjectHashTables data took   1.06ms
[2020.11.30-00.33.58:445][ 44]LogSavePackage: Moving '../../../../../../Users/HP/Documents/Proyecto_OptimizacionDeVideojuegos/Saved/NIVELn30n_Auto169848C164540F3F633D339AF2F0F45C0.tmp' to '../../../../../../Users/HP/Documents/Proyecto_OptimizacionDeVideojuegos/Saved/Autosaves/Game/Level/NIVELn30n_Auto1.umap'
[2020.11.30-00.33.58:448][ 44]LogFileHelpers: Editor autosave (incl. sublevels) for '/Game/Level/NIVELn30n' took 0.097
[2020.11.30-00.33.58:448][ 44]LogFileHelpers: Editor autosave (incl. sublevels) for all levels took 0.097
[2020.11.30-00.34.03:927][259]LogEditorViewport: Clicking on Actor (LMB): Screen_BP_C (Screen_BP3)
[2020.11.30-00.34.06:089][358]Cmd: CAMERA ALIGN ACTIVEVIEWPORTONLY
[2020.11.30-00.34.27:385][389]LogEditorViewport: Clicking on Actor (LMB): StaticMeshActor (Floor)
[2020.11.30-00.34.31:757][604]LogUObjectHash: Compacting FUObjectHashTables data took   0.57ms
[2020.11.30-00.34.31:827][604]LogUObjectHash: Compacting FUObjectHashTables data took   0.23ms
[2020.11.30-00.34.31:870][604]LogSavePackage: Moving '../../../../../../Users/HP/Documents/Proyecto_OptimizacionDeVideojuegos/Saved/NIVELn30nE6FE9B2246A30B9B30C811A7F4D3B943.tmp' to '../../../../../../Users/HP/Documents/Proyecto_OptimizacionDeVideojuegos/Content/Level/NIVELn30n.umap'
[2020.11.30-00.34.31:906][604]LogFileHelpers: Saving map 'NIVELn30n' took 0.090
[2020.11.30-00.34.31:907][604]Cmd: OBJ SAVEPACKAGE PACKAGE="/Game/Level/NIVELn30n_BuiltData" FILE="../../../../../../Users/HP/Documents/Proyecto_OptimizacionDeVideojuegos/Content/Level/NIVELn30n_BuiltData.uasset" SILENT=true
[2020.11.30-00.34.31:957][604]LogSavePackage: Moving '../../../../../../Users/HP/Documents/Proyecto_OptimizacionDeVideojuegos/Saved/NIVELn30n_BuiltDataCB3FA74D4BFB86604FBFDDA33AF774E9.tmp' to '../../../../../../Users/HP/Documents/Proyecto_OptimizacionDeVideojuegos/Content/Level/NIVELn30n_BuiltData.uasset'
[2020.11.30-00.34.31:985][604]AssetCheck: New page: Asset Save: multiple assets
[2020.11.30-00.34.31:985][604]LogContentValidation: Display: Validating World /Game/Level/NIVELn30n.NIVELn30n
[2020.11.30-00.34.31:985][604]LogContentValidation: Display: Validating MapBuildDataRegistry /Game/Level/NIVELn30n_BuiltData.NIVELn30n_BuiltData
[2020.11.30-00.34.34:227][707]LogTemp: Repeating last play command: Selected Viewport
[2020.11.30-00.34.34:245][707]LogPlayLevel: PlayLevel: No blueprints needed recompiling
[2020.11.30-00.34.34:246][707]PIE: New page: PIE session: NIVELn30n (Nov 29, 2020, 12:34:34 PM)
[2020.11.30-00.34.34:247][707]LogOnline: OSS: Creating online subsystem instance for: NULL
[2020.11.30-00.34.34:248][707]LogOnline: OSS: TryLoadSubsystemAndSetDefault: Loaded subsystem for module [NULL]
[2020.11.30-00.34.34:248][707]LogPlayLevel: Creating play world package: /Game/Level/UEDPIE_0_NIVELn30n
[2020.11.30-00.34.34:258][707]LogPlayLevel: PIE: StaticDuplicateObject took: (0.010069s)
[2020.11.30-00.34.34:260][707]LogAIModule: Creating AISystem for world NIVELn30n
[2020.11.30-00.34.34:260][707]LogAISub: UAISubsystem::UAISubsystem EnvQueryManager (00000242AAAD6000), frame # 30707
[2020.11.30-00.34.34:260][707]LogAISub: UAISubsystem::UAISubsystem AIPerceptionSystem (00000242C2D45800), frame # 30707
[2020.11.30-00.34.34:260][707]LogPlayLevel: PIE: World Init took: (0.001462s)
[2020.11.30-00.34.34:260][707]LogPlayLevel: PIE: Created PIE world by copying editor world from /Game/Level/NIVELn30n.NIVELn30n to /Game/Level/UEDPIE_0_NIVELn30n.NIVELn30n (0.011684s)
[2020.11.30-00.34.34:272][707]LogUObjectHash: Compacting FUObjectHashTables data took   0.87ms
[2020.11.30-00.34.34:273][707]LogAudioMixer: Display: Audio Mixer Platform Settings:
[2020.11.30-00.34.34:273][707]LogAudioMixer: Display: 	Sample Rate:						  48000
[2020.11.30-00.34.34:273][707]LogAudioMixer: Display: 	Callback Buffer Frame Size Requested: 1024
[2020.11.30-00.34.34:273][707]LogAudioMixer: Display: 	Callback Buffer Frame Size To Use:	  1024
[2020.11.30-00.34.34:273][707]LogAudioMixer: Display: 	Number of buffers to queue:			  2
[2020.11.30-00.34.34:273][707]LogAudioMixer: Display: 	Max Channels (voices):				  32
[2020.11.30-00.34.34:273][707]LogAudioMixer: Display: 	Number of Async Source Workers:		  0
[2020.11.30-00.34.34:273][707]LogAudio: Display: AudioDevice MaxSources: 32
[2020.11.30-00.34.34:274][707]LogAudio: Display: Using built-in audio occlusion.
[2020.11.30-00.34.34:274][707]LogAudioMixer: Display: Initializing audio mixer.
[2020.11.30-00.34.34:277][707]LogAudioMixer: Display: 0: FrontLeft
[2020.11.30-00.34.34:277][707]LogAudioMixer: Display: 1: FrontRight
[2020.11.30-00.34.34:309][707]LogAudioMixer: Display: Using Audio Device Altavoces (2- Realtek High Definition Audio)
[2020.11.30-00.34.34:309][707]LogAudioMixer: Display: Initializing Sound Submixes...
[2020.11.30-00.34.34:309][707]LogAudioMixer: Display: Creating Master Submix 'MasterSubmixDefault'
[2020.11.30-00.34.34:309][707]LogAudioMixer: Display: Creating Master Submix 'MasterReverbSubmixDefault'
[2020.11.30-00.34.34:310][707]LogAudioMixer: Display: Creating Master Submix 'MasterEQSubmixDefault'
[2020.11.30-00.34.34:326][707]LogInit: FAudioDevice initialized.
[2020.11.30-00.34.34:546][707]LogLoad: Game class is 'ThirdPersonGameMode_C'
[2020.11.30-00.34.34:554][707]LogWorld: Bringing World /Game/Level/UEDPIE_0_NIVELn30n.NIVELn30n up for play (max tick rate 0) at 2020.11.29-18.34.34
[2020.11.30-00.34.34:555][707]LogWorld: Bringing up level for play took: 0.006976
[2020.11.30-00.34.34:555][707]LogOnline: OSS: Creating online subsystem instance for: :Context_19
[2020.11.30-00.34.34:560][707]LogContentBrowser: Native class hierarchy updated for 'MovieSceneCapture' in 0.0004 seconds. Added 20 classes and 0 folders.
[2020.11.30-00.34.34:563][707]PIE: Server logged in
[2020.11.30-00.34.34:565][707]PIE: Play in editor total start time 0.321 seconds.
[2020.11.30-00.35.02:316][239]LogSlate: Updating window title bar state: overlay mode, drag disabled, window buttons hidden, title bar hidden
[2020.11.30-00.35.02:316][239]LogWorld: BeginTearingDown for /Game/Level/UEDPIE_0_NIVELn30n
[2020.11.30-00.35.02:317][239]LogWorld: UWorld::CleanupWorld for NIVELn30n, bSessionEnded=true, bCleanupResources=true
[2020.11.30-00.35.02:318][239]LogSlate: InvalidateAllWidgets triggered.  All widgets were invalidated
[2020.11.30-00.35.02:330][239]LogPlayLevel: Display: Shutting down PIE online subsystems
[2020.11.30-00.35.02:333][239]LogSlate: InvalidateAllWidgets triggered.  All widgets were invalidated
[2020.11.30-00.35.02:354][239]LogSlate: Updating window title bar state: overlay mode, drag disabled, window buttons hidden, title bar hidden
[2020.11.30-00.35.02:396][239]LogAISub: UAISubsystem::~UAISubsystem AIPerceptionSystem (00000242C2D45800), frame # 32239
[2020.11.30-00.35.02:396][239]LogAISub: UAISubsystem::~UAISubsystem EnvQueryManager (00000242AAAD6000), frame # 32239
[2020.11.30-00.35.02:399][239]LogUObjectHash: Compacting FUObjectHashTables data took   2.21ms
[2020.11.30-00.35.02:454][240]LogPlayLevel: Display: Destroying online subsystem :Context_19
[2020.11.30-00.35.06:713][453]LogEditorViewport: Clicking on Actor (LMB): Screen_BP_C (Screen_BP3)
[2020.11.30-00.35.07:103][468]Cmd: CAMERA ALIGN ACTIVEVIEWPORTONLY
[2020.11.30-00.35.10:587][632]LogEditorViewport: Clicking on Actor (LMB): StaticMeshActor (Floor)
[2020.11.30-00.35.40:161][  3]Cmd: TRANSACTION UNDO
[2020.11.30-00.35.40:161][  3]LogEditorTransaction: Undo Rotate Actors
[2020.11.30-00.35.47:488][332]LogEditorViewport: Clicking on Actor (LMB): StaticMeshActor (Floor)
[2020.11.30-00.35.51:927][533]LogEditorViewport: Clicking on Actor (LMB): StaticMeshActor (Floor)
[2020.11.30-00.35.55:374][692]LogEditorViewport: Clicking on Actor (LMB): StaticMeshActor (Floor)
[2020.11.30-00.35.56:089][723]LogEditorViewport: Clicking on Actor (LMB): Poste_BP_C (Poste_BP)
[2020.11.30-00.36.02:661][ 32]LogEditorViewport: Clicking on Actor (LMB): StaticMeshActor (Floor)
[2020.11.30-00.36.05:471][152]LogTemp: Repeating last play command: Selected Viewport
[2020.11.30-00.36.05:501][152]LogPlayLevel: PlayLevel: No blueprints needed recompiling
[2020.11.30-00.36.05:501][152]PIE: New page: PIE session: NIVELn30n (Nov 29, 2020, 12:36:05 PM)
[2020.11.30-00.36.05:502][152]LogPlayLevel: Creating play world package: /Game/Level/UEDPIE_0_NIVELn30n
[2020.11.30-00.36.05:518][152]LogPlayLevel: PIE: StaticDuplicateObject took: (0.015506s)
[2020.11.30-00.36.05:519][152]LogAIModule: Creating AISystem for world NIVELn30n
[2020.11.30-00.36.05:519][152]LogAISub: UAISubsystem::UAISubsystem EnvQueryManager (00000243430B0A00), frame # 35152
[2020.11.30-00.36.05:519][152]LogAISub: UAISubsystem::UAISubsystem AIPerceptionSystem (00000242A3A1A340), frame # 35152
[2020.11.30-00.36.05:519][152]LogPlayLevel: PIE: World Init took: (0.001846s)
[2020.11.30-00.36.05:520][152]LogPlayLevel: PIE: Created PIE world by copying editor world from /Game/Level/NIVELn30n.NIVELn30n to /Game/Level/UEDPIE_0_NIVELn30n.NIVELn30n (0.017536s)
[2020.11.30-00.36.05:537][152]LogUObjectHash: Compacting FUObjectHashTables data took   1.32ms
[2020.11.30-00.36.05:540][152]LogAudioMixer: Display: Audio Mixer Platform Settings:
[2020.11.30-00.36.05:540][152]LogAudioMixer: Display: 	Sample Rate:						  48000
[2020.11.30-00.36.05:540][152]LogAudioMixer: Display: 	Callback Buffer Frame Size Requested: 1024
[2020.11.30-00.36.05:540][152]LogAudioMixer: Display: 	Callback Buffer Frame Size To Use:	  1024
[2020.11.30-00.36.05:540][152]LogAudioMixer: Display: 	Number of buffers to queue:			  2
[2020.11.30-00.36.05:540][152]LogAudioMixer: Display: 	Max Channels (voices):				  32
[2020.11.30-00.36.05:540][152]LogAudioMixer: Display: 	Number of Async Source Workers:		  0
[2020.11.30-00.36.05:540][152]LogAudio: Display: AudioDevice MaxSources: 32
[2020.11.30-00.36.05:541][152]LogAudio: Display: Using built-in audio occlusion.
[2020.11.30-00.36.05:541][152]LogAudioMixer: Display: Initializing audio mixer.
[2020.11.30-00.36.05:544][152]LogAudioMixer: Display: 0: FrontLeft
[2020.11.30-00.36.05:544][152]LogAudioMixer: Display: 1: FrontRight
[2020.11.30-00.36.05:578][152]LogAudioMixer: Display: Using Audio Device Altavoces (2- Realtek High Definition Audio)
[2020.11.30-00.36.05:578][152]LogAudioMixer: Display: Initializing Sound Submixes...
[2020.11.30-00.36.05:578][152]LogAudioMixer: Display: Creating Master Submix 'MasterSubmixDefault'
[2020.11.30-00.36.05:578][152]LogAudioMixer: Display: Creating Master Submix 'MasterReverbSubmixDefault'
[2020.11.30-00.36.05:579][152]LogAudioMixer: Display: Creating Master Submix 'MasterEQSubmixDefault'
[2020.11.30-00.36.05:600][152]LogInit: FAudioDevice initialized.
[2020.11.30-00.36.05:615][152]LogLoad: Game class is 'ThirdPersonGameMode_C'
[2020.11.30-00.36.05:624][152]LogWorld: Bringing World /Game/Level/UEDPIE_0_NIVELn30n.NIVELn30n up for play (max tick rate 0) at 2020.11.29-18.36.05
[2020.11.30-00.36.05:624][152]LogWorld: Bringing up level for play took: 0.008222
[2020.11.30-00.36.05:624][152]LogOnline: OSS: Creating online subsystem instance for: :Context_21
[2020.11.30-00.36.05:629][152]PIE: Server logged in
[2020.11.30-00.36.05:630][152]PIE: Play in editor total start time 0.13 seconds.
[2020.11.30-00.36.17:525][822]LogSlate: Updating window title bar state: overlay mode, drag disabled, window buttons hidden, title bar hidden
[2020.11.30-00.36.17:525][822]LogWorld: BeginTearingDown for /Game/Level/UEDPIE_0_NIVELn30n
[2020.11.30-00.36.17:525][822]LogWorld: UWorld::CleanupWorld for NIVELn30n, bSessionEnded=true, bCleanupResources=true
[2020.11.30-00.36.17:528][822]LogSlate: InvalidateAllWidgets triggered.  All widgets were invalidated
[2020.11.30-00.36.17:543][822]LogPlayLevel: Display: Shutting down PIE online subsystems
[2020.11.30-00.36.17:547][822]LogSlate: InvalidateAllWidgets triggered.  All widgets were invalidated
[2020.11.30-00.36.17:601][822]LogSlate: Updating window title bar state: overlay mode, drag disabled, window buttons hidden, title bar hidden
[2020.11.30-00.36.17:602][822]LogAISub: UAISubsystem::~UAISubsystem AIPerceptionSystem (00000242A3A1A340), frame # 35822
[2020.11.30-00.36.17:602][822]LogAISub: UAISubsystem::~UAISubsystem EnvQueryManager (00000243430B0A00), frame # 35822
[2020.11.30-00.36.17:604][822]LogUObjectHash: Compacting FUObjectHashTables data took   1.47ms
[2020.11.30-00.36.17:659][823]LogPlayLevel: Display: Destroying online subsystem :Context_21
[2020.11.30-00.36.23:715][123]LogEditorViewport: Clicking on Actor (LMB): Poste_BP_C (Poste_BP)
[2020.11.30-00.36.37:189][766]Cmd: CAMERA ALIGN ACTIVEVIEWPORTONLY
[2020.11.30-00.36.43:366][ 58]LogEditorViewport: Clicking on Actor (LMB): StaticMeshActor (Floor)
[2020.11.30-00.36.50:994][397]LogEditorViewport: Clicking on Actor (LMB): Screen_BP_C (Screen_BP3)
[2020.11.30-00.36.51:670][427]Cmd: CAMERA ALIGN ACTIVEVIEWPORTONLY
[2020.11.30-00.37.03:243][978]LogEditorViewport: Clicking on Actor (LMB): StaticMeshActor (Floor)
[2020.11.30-00.37.26:419][510]Cmd: CAMERA ALIGN ACTIVEVIEWPORTONLY
[2020.11.30-00.37.27:425][560]LogEditorViewport: Clicking on Actor (LMB): StaticMeshActor (Floor)
[2020.11.30-00.37.34:790][901]LogEditorViewport: Clicking on Actor (LMB): Levitator_BP_C (Levitator_BP)
[2020.11.30-00.37.37:994][990]LogStaticMesh: Building static mesh Bontree_Base...
[2020.11.30-00.37.38:013][990]LogTexture: Display: Building textures: Bontree_Base_WorldGridMaterial_BaseColor (AutoDXT, 1024X1024)
[2020.11.30-00.37.38:058][990]LogTexture: Display: Building textures: Bontree_Base_WorldGridMaterial_OcclusionRoughnessMetallic (AutoDXT, 1024X1024)
[2020.11.30-00.37.38:098][990]LogTexture: Display: Building textures: Bontree_Base_WorldGridMaterial_Normal (BC5, 1024X1024)
[2020.11.30-00.37.38:190][990]LogStaticMesh: Built static mesh [0.20s] /Game/Models/Plants/BonTree/Bontree_Base.Bontree_Base
[2020.11.30-00.37.38:203][990]LogStaticMesh: Building static mesh Bontree_Leaves...
[2020.11.30-00.37.38:364][990]LogStaticMesh: Built static mesh [0.16s] /Game/Models/Plants/BonTree/Bontree_Leaves.Bontree_Leaves
[2020.11.30-00.37.38:377][990]LogStaticMesh: Building static mesh Bontree_Trunk...
[2020.11.30-00.37.38:463][990]LogStaticMesh: Built static mesh [0.09s] /Game/Models/Plants/BonTree/Bontree_Trunk.Bontree_Trunk
[2020.11.30-00.37.38:471][990]LogMaterial: Display: Missing cached shader map for material M_Bontree_Leaves, compiling. 
[2020.11.30-00.37.38:519][990]LogMaterial: Display: Missing cached shader map for material M_Bontree_Base, compiling. 
[2020.11.30-00.37.38:531][990]LogShaderCompilers: Display: Worker (1/5): shaders left to compile 15
[2020.11.30-00.37.38:531][990]LogShaderCompilers: Display: Worker (2/5): shaders left to compile 11
[2020.11.30-00.37.38:531][990]LogShaderCompilers: Display: Worker (3/5): shaders left to compile 7
[2020.11.30-00.37.38:531][990]LogShaderCompilers: Display: Worker (4/5): shaders left to compile 3
[2020.11.30-00.37.38:531][990]LogMaterial: Display: Missing cached shader map for material M_Bontree_Trunk, compiling. 
[2020.11.30-00.37.41:015][ 61]LogEditorViewport: Clicking on Actor (LMB): StaticMeshActor (Floor)
[2020.11.30-00.37.41:407][ 69]LogShaderCompilers: Display: Worker (4/5): shaders left to compile 30
[2020.11.30-00.37.45:453][202]LogShaderCompilers: Display: Worker (1/5): shaders left to compile 22
[2020.11.30-00.37.46:938][250]LogShaderCompilers: Display: Worker (3/5): shaders left to compile 16
[2020.11.30-00.37.47:414][266]LogShaderCompilers: Display: Worker (2/5): shaders left to compile 11
[2020.11.30-00.37.51:077][388]Cmd: CAMERA ALIGN ACTIVEVIEWPORTONLY
[2020.11.30-00.37.53:242][458]LogShaderCompilers: Display: Worker (2/5): shaders left to compile 8
[2020.11.30-00.37.53:618][471]LogShaderCompilers: Display: Worker (3/5): shaders left to compile 5
[2020.11.30-00.37.54:646][503]LogShaderCompilers: Display: Worker (1/5): shaders left to compile 3
[2020.11.30-00.37.55:087][517]LogShaderCompilers: Display: Worker (1/5): shaders left to compile 2
[2020.11.30-00.37.55:666][536]LogShaderCompilers: Display: Worker (4/5): shaders left to compile 1
[2020.11.30-00.37.58:745][656]LogEditorViewport: Clicking on Actor (LMB): Building_C_BP_C (Building_C_BP2)
[2020.11.30-00.37.58:993][665]Cmd: CAMERA ALIGN ACTIVEVIEWPORTONLY
[2020.11.30-00.38.02:493][828]LogEditorViewport: Clicking on Actor (LMB): Levitator_BP_C (Levitator_BP)
[2020.11.30-00.38.02:861][843]Cmd: CAMERA ALIGN ACTIVEVIEWPORTONLY
[2020.11.30-00.38.04:223][910]LogEditorViewport: Clicking on Actor (LMB): BonTree_BP_C (BonTree_BP)
[2020.11.30-00.38.29:944][128]LogEditorViewport: Clicking on Actor (LMB): StaticMeshActor (Floor)
[2020.11.30-00.38.30:722][159]LogEditorViewport: Clicking on Actor (LMB): Levitator_BP_C (Levitator_BP)
[2020.11.30-00.38.31:797][208]Cmd: DELETE
[2020.11.30-00.38.31:797][208]Cmd: ACTOR DELETE
[2020.11.30-00.38.31:808][208]LogEditorActor: Deleted Actor: Levitator_BP_C
[2020.11.30-00.38.31:837][208]LogUObjectHash: Compacting FUObjectHashTables data took   1.60ms
[2020.11.30-00.38.31:848][208]LogEditorActor: Deleted 1 Actors (0.050 secs)
[2020.11.30-00.38.41:817][689]LogEditorViewport: Clicking on Actor (LMB): BonTree_BP_C (BonTree_BP)
[2020.11.30-00.38.45:180][841]LogEditorViewport: Clicking on Actor (LMB): StaticMeshActor (Floor)
[2020.11.30-00.38.51:945][142]LogTemp: Repeating last play command: Selected Viewport
[2020.11.30-00.38.51:989][142]LogPlayLevel: PlayLevel: No blueprints needed recompiling
[2020.11.30-00.38.51:989][142]PIE: New page: PIE session: NIVELn30n (Nov 29, 2020, 12:38:51 PM)
[2020.11.30-00.38.51:989][142]LogPlayLevel: Creating play world package: /Game/Level/UEDPIE_0_NIVELn30n
[2020.11.30-00.38.52:009][142]LogPlayLevel: PIE: StaticDuplicateObject took: (0.020870s)
[2020.11.30-00.38.52:011][142]LogAIModule: Creating AISystem for world NIVELn30n
[2020.11.30-00.38.52:011][142]LogAISub: UAISubsystem::UAISubsystem EnvQueryManager (00000242A3559000), frame # 42142
[2020.11.30-00.38.52:011][142]LogAISub: UAISubsystem::UAISubsystem AIPerceptionSystem (00000242A34CCA40), frame # 42142
[2020.11.30-00.38.52:011][142]LogPlayLevel: PIE: World Init took: (0.002101s)
[2020.11.30-00.38.52:011][142]LogPlayLevel: PIE: Created PIE world by copying editor world from /Game/Level/NIVELn30n.NIVELn30n to /Game/Level/UEDPIE_0_NIVELn30n.NIVELn30n (0.023230s)
[2020.11.30-00.38.52:032][142]LogUObjectHash: Compacting FUObjectHashTables data took   1.46ms
[2020.11.30-00.38.52:034][142]LogAudioMixer: Display: Audio Mixer Platform Settings:
[2020.11.30-00.38.52:034][142]LogAudioMixer: Display: 	Sample Rate:						  48000
[2020.11.30-00.38.52:034][142]LogAudioMixer: Display: 	Callback Buffer Frame Size Requested: 1024
[2020.11.30-00.38.52:035][142]LogAudioMixer: Display: 	Callback Buffer Frame Size To Use:	  1024
[2020.11.30-00.38.52:035][142]LogAudioMixer: Display: 	Number of buffers to queue:			  2
[2020.11.30-00.38.52:035][142]LogAudioMixer: Display: 	Max Channels (voices):				  32
[2020.11.30-00.38.52:035][142]LogAudioMixer: Display: 	Number of Async Source Workers:		  0
[2020.11.30-00.38.52:035][142]LogAudio: Display: AudioDevice MaxSources: 32
[2020.11.30-00.38.52:035][142]LogAudio: Display: Using built-in audio occlusion.
[2020.11.30-00.38.52:035][142]LogAudioMixer: Display: Initializing audio mixer.
[2020.11.30-00.38.52:040][142]LogAudioMixer: Display: 0: FrontLeft
[2020.11.30-00.38.52:040][142]LogAudioMixer: Display: 1: FrontRight
[2020.11.30-00.38.52:085][142]LogAudioMixer: Display: Using Audio Device Altavoces (2- Realtek High Definition Audio)
[2020.11.30-00.38.52:085][142]LogAudioMixer: Display: Initializing Sound Submixes...
[2020.11.30-00.38.52:085][142]LogAudioMixer: Display: Creating Master Submix 'MasterSubmixDefault'
[2020.11.30-00.38.52:085][142]LogAudioMixer: Display: Creating Master Submix 'MasterReverbSubmixDefault'
[2020.11.30-00.38.52:086][142]LogAudioMixer: Display: Creating Master Submix 'MasterEQSubmixDefault'
[2020.11.30-00.38.52:114][142]LogInit: FAudioDevice initialized.
[2020.11.30-00.38.52:136][142]LogLoad: Game class is 'ThirdPersonGameMode_C'
[2020.11.30-00.38.52:149][142]LogWorld: Bringing World /Game/Level/UEDPIE_0_NIVELn30n.NIVELn30n up for play (max tick rate 0) at 2020.11.29-18.38.52
[2020.11.30-00.38.52:150][142]LogWorld: Bringing up level for play took: 0.012550
[2020.11.30-00.38.52:150][142]LogOnline: OSS: Creating online subsystem instance for: :Context_23
[2020.11.30-00.38.52:156][142]PIE: Server logged in
[2020.11.30-00.38.52:157][142]PIE: Play in editor total start time 0.172 seconds.
[2020.11.30-00.39.01:695][673]LogSlate: Updating window title bar state: overlay mode, drag disabled, window buttons hidden, title bar hidden
[2020.11.30-00.39.01:695][673]LogWorld: BeginTearingDown for /Game/Level/UEDPIE_0_NIVELn30n
[2020.11.30-00.39.01:695][673]LogWorld: UWorld::CleanupWorld for NIVELn30n, bSessionEnded=true, bCleanupResources=true
[2020.11.30-00.39.01:697][673]LogSlate: InvalidateAllWidgets triggered.  All widgets were invalidated
[2020.11.30-00.39.01:711][673]LogPlayLevel: Display: Shutting down PIE online subsystems
[2020.11.30-00.39.01:713][673]LogSlate: InvalidateAllWidgets triggered.  All widgets were invalidated
[2020.11.30-00.39.01:775][673]LogSlate: Updating window title bar state: overlay mode, drag disabled, window buttons hidden, title bar hidden
[2020.11.30-00.39.01:776][673]LogAISub: UAISubsystem::~UAISubsystem AIPerceptionSystem (00000242A34CCA40), frame # 42673
[2020.11.30-00.39.01:776][673]LogAISub: UAISubsystem::~UAISubsystem EnvQueryManager (00000242A3559000), frame # 42673
[2020.11.30-00.39.01:779][673]LogUObjectHash: Compacting FUObjectHashTables data took   1.56ms
[2020.11.30-00.39.01:839][674]LogPlayLevel: Display: Destroying online subsystem :Context_23
[2020.11.30-00.39.03:662][761]LogEditorViewport: Clicking on Actor (LMB): BonTree_BP_C (BonTree_BP2)
[2020.11.30-00.39.04:392][793]Cmd: CAMERA ALIGN ACTIVEVIEWPORTONLY
[2020.11.30-00.39.11:694][138]LogEditorViewport: Clicking on Actor (LMB): BonTree_BP_C (BonTree_BP)
[2020.11.30-00.39.11:954][148]Cmd: DELETE
[2020.11.30-00.39.11:954][148]Cmd: ACTOR DELETE
[2020.11.30-00.39.11:960][148]LogEditorActor: Deleted Actor: BonTree_BP_C
[2020.11.30-00.39.11:982][148]LogUObjectHash: Compacting FUObjectHashTables data took   1.81ms
[2020.11.30-00.39.11:988][148]LogEditorActor: Deleted 1 Actors (0.033 secs)
[2020.11.30-00.39.12:770][188]LogEditorViewport: Clicking on Actor (LMB): BonTree_BP_C (BonTree_BP2)
[2020.11.30-00.39.24:028][713]LogEditorViewport: Clicking on Actor (LMB): BonTree_BP_C (BonTree_BP2)
[2020.11.30-00.39.28:573][923]LogEditorViewport: Clicking on Actor (LMB): BonTree_BP_C (BonTree_BP3)
[2020.11.30-00.39.30:780][ 27]LogEditorViewport: Clicking on Actor (LMB): StaticMeshActor (Floor)
[2020.11.30-00.39.43:192][567]LogEditorViewport: Clicking on Actor (LMB): Tube_Plant_BP_C (Tube_Plant_BP)
[2020.11.30-00.39.44:347][618]LogEditorViewport: Clicking on Actor (LMB): StaticMeshActor (Floor)
[2020.11.30-00.40.28:321][590]LogEditorViewport: Clicking on Actor (LMB): Building_C_BP_C (Building_C_BP2)
[2020.11.30-00.40.31:681][743]LogEditorViewport: Clicking on Actor (LMB): Building_D_BP_C (Building_D_BP5)
[2020.11.30-00.41.01:493][134]LogEditorViewport: Clicking on Actor (LMB): StaticMeshActor (Floor)
[2020.11.30-00.41.03:934][206]LogEditorViewport: Clicking on Actor (LMB): StaticMeshActor (Floor)
[2020.11.30-00.41.05:465][274]LogEditorViewport: Clicking on Actor (LMB): StaticMeshActor (Floor)
[2020.11.30-00.41.06:225][306]LogEditorViewport: Clicking on Actor (LMB): StaticMeshActor (Floor)
[2020.11.30-00.41.06:831][331]LogEditorViewport: Clicking on Actor (LMB): StaticMeshActor (Floor)
[2020.11.30-00.41.07:450][357]LogEditorViewport: Clicking on Actor (LMB): Plant_Leaf_BP_C (Plant_Leaf_BP)
[2020.11.30-00.41.15:941][743]LogEditorViewport: Clicking on Actor (LMB): StaticMeshActor (Floor)
[2020.11.30-00.41.22:213][ 21]LogEditorViewport: Clicking on Actor (LMB): StaticMeshActor (Floor)
[2020.11.30-00.41.23:784][ 91]LogEditorViewport: Clicking on Actor (LMB): Plant_Leaf_BP_C (Plant_Leaf_BP4)
[2020.11.30-00.41.29:847][365]LogEditorViewport: Clicking on Actor (LMB): StaticMeshActor (Floor)
[2020.11.30-00.41.50:961][767]LogEditorViewport: Clicking on Actor (LMB): Palm_BP_C (Palm_BP)
[2020.11.30-00.41.52:236][825]Cmd: CAMERA ALIGN ACTIVEVIEWPORTONLY
[2020.11.30-00.41.59:441][167]LogEditorViewport: Clicking on Actor (LMB): StaticMeshActor (Floor)
[2020.11.30-00.42.05:021][416]LogEditorViewport: Clicking on Actor (LMB): Building_A_BP_C (Building_A_BP2)
[2020.11.30-00.42.06:700][494]LogEditorViewport: Clicking on Actor (LMB): Palm_BP_C (Palm_BP3)
[2020.11.30-00.42.20:048][116]LogEditorViewport: Clicking on Actor (LMB): StaticMeshActor (Floor)
[2020.11.30-00.42.21:666][184]LogEditorViewport: Clicking on Actor (LMB): Palm_BP_C (Palm_BP4)
[2020.11.30-00.42.26:359][401]LogEditorViewport: Clicking on Actor (LMB): StaticMeshActor (Floor)
[2020.11.30-00.42.27:163][432]LogEditorViewport: Clicking on Actor (LMB): StaticMeshActor (Floor)
[2020.11.30-00.42.28:398][487]LogEditorViewport: Clicking on Actor (LMB): Palm_BP_C (Palm_BP3)
[2020.11.30-00.42.31:302][620]LogEditorViewport: Clicking on Actor (LMB): StaticMeshActor (Floor)
[2020.11.30-00.42.36:550][851]LogEditorViewport: Clicking on Actor (LMB): Palm_BP_C (Palm_BP3)
[2020.11.30-00.42.44:106][192]LogEditorViewport: Clicking on Actor (LMB): StaticMeshActor (Floor)
[2020.11.30-00.42.46:844][311]LogEditorViewport: Clicking on Actor (LMB): StaticMeshActor (Floor)
[2020.11.30-00.42.47:928][358]LogEditorViewport: Clicking on Actor (LMB): StaticMeshActor (Floor)
[2020.11.30-00.42.48:731][393]LogEditorViewport: Clicking on Actor (LMB): Palm_BP_C (Palm_BP4)
[2020.11.30-00.42.57:684][801]LogEditorViewport: Clicking on Actor (LMB): StaticMeshActor (Floor)
[2020.11.30-00.43.06:460][176]LogUObjectHash: Compacting FUObjectHashTables data took   0.97ms
[2020.11.30-00.43.06:501][176]LogUObjectHash: Compacting FUObjectHashTables data took   0.34ms
[2020.11.30-00.43.06:566][176]LogSavePackage: Moving '../../../../../../Users/HP/Documents/Proyecto_OptimizacionDeVideojuegos/Saved/NIVELn30nF6BC8C2B48C558464F39899CB7E710CC.tmp' to '../../../../../../Users/HP/Documents/Proyecto_OptimizacionDeVideojuegos/Content/Level/NIVELn30n.umap'
[2020.11.30-00.43.06:595][176]LogFileHelpers: Saving map 'NIVELn30n' took 0.107
[2020.11.30-00.43.06:595][176]Cmd: OBJ SAVEPACKAGE PACKAGE="/Game/Level/NIVELn30n_BuiltData" FILE="../../../../../../Users/HP/Documents/Proyecto_OptimizacionDeVideojuegos/Content/Level/NIVELn30n_BuiltData.uasset" SILENT=true
[2020.11.30-00.43.06:638][176]LogSavePackage: Moving '../../../../../../Users/HP/Documents/Proyecto_OptimizacionDeVideojuegos/Saved/NIVELn30n_BuiltData226626514AB108D4AA858B9FC7CAB1D3.tmp' to '../../../../../../Users/HP/Documents/Proyecto_OptimizacionDeVideojuegos/Content/Level/NIVELn30n_BuiltData.uasset'
[2020.11.30-00.43.06:666][176]AssetCheck: New page: Asset Save: multiple assets
[2020.11.30-00.43.06:666][176]LogContentValidation: Display: Validating World /Game/Level/NIVELn30n.NIVELn30n
[2020.11.30-00.43.06:666][176]LogContentValidation: Display: Validating MapBuildDataRegistry /Game/Level/NIVELn30n_BuiltData.NIVELn30n_BuiltData
[2020.11.30-00.43.08:487][256]LogEditorViewport: Clicking on Actor (LMB): Building_B_BP_C (Building_B_BP7)
[2020.11.30-00.43.08:840][269]Cmd: CAMERA ALIGN ACTIVEVIEWPORTONLY
[2020.11.30-00.43.21:578][848]LogEditorViewport: Clicking on Actor (LMB): Building_D_BP_C (Building_D_BP5)
[2020.11.30-00.43.21:863][859]Cmd: CAMERA ALIGN ACTIVEVIEWPORTONLY
[2020.11.30-00.43.46:787][991]LogEditorViewport: Clicking on Actor (LMB): Building_C_BP_C (Building_C_BP4)
[2020.11.30-00.45.01:094][450]Cmd: CAMERA ALIGN ACTIVEVIEWPORTONLY
[2020.11.30-00.45.23:061][472]LogEditorViewport: Clicking on Actor (LMB): StaticMeshActor (Floor)
[2020.11.30-00.45.27:136][657]LogEditorViewport: Clicking on Actor (LMB): Building_C_BP_C (Building_C_BP5)
[2020.11.30-00.45.29:647][774]LogEditorViewport: Clicking on Actor (LMB): BP_Sky_Sphere_C (Sky Sphere)
[2020.11.30-00.45.40:356][252]LogEditorViewport: Clicking on Actor (LMB): Building_D_BP_C (Building_D_BP6)
[2020.11.30-00.46.01:087][210]LogEditorViewport: Clicking on Actor (LMB): Building_C_BP_C (Building_C_BP5)
[2020.11.30-00.46.04:709][366]LogUObjectHash: Compacting FUObjectHashTables data took   1.46ms
[2020.11.30-00.46.04:765][366]LogUObjectHash: Compacting FUObjectHashTables data took   0.38ms
[2020.11.30-00.46.04:878][366]LogSavePackage: Moving '../../../../../../Users/HP/Documents/Proyecto_OptimizacionDeVideojuegos/Saved/NIVELn30nD086DCE24C363EAACAA5F0AEB17E3378.tmp' to '../../../../../../Users/HP/Documents/Proyecto_OptimizacionDeVideojuegos/Content/Level/NIVELn30n.umap'
[2020.11.30-00.46.04:916][366]LogFileHelpers: Saving map 'NIVELn30n' took 0.168
[2020.11.30-00.46.04:916][366]Cmd: OBJ SAVEPACKAGE PACKAGE="/Game/Level/NIVELn30n_BuiltData" FILE="../../../../../../Users/HP/Documents/Proyecto_OptimizacionDeVideojuegos/Content/Level/NIVELn30n_BuiltData.uasset" SILENT=true
[2020.11.30-00.46.04:956][366]LogSavePackage: Moving '../../../../../../Users/HP/Documents/Proyecto_OptimizacionDeVideojuegos/Saved/NIVELn30n_BuiltData591E5FCE405C986F47B6D788743305F9.tmp' to '../../../../../../Users/HP/Documents/Proyecto_OptimizacionDeVideojuegos/Content/Level/NIVELn30n_BuiltData.uasset'
[2020.11.30-00.46.04:973][366]AssetCheck: New page: Asset Save: multiple assets
[2020.11.30-00.46.04:973][366]LogContentValidation: Display: Validating World /Game/Level/NIVELn30n.NIVELn30n
[2020.11.30-00.46.04:973][366]LogContentValidation: Display: Validating MapBuildDataRegistry /Game/Level/NIVELn30n_BuiltData.NIVELn30n_BuiltData
[2020.11.30-00.46.08:340][520]LogEditorViewport: Clicking on Actor (LMB): Building_D_BP_C (Building_D_BP7)
[2020.11.30-00.46.09:703][580]Cmd: TRANSACTION UNDO
[2020.11.30-00.46.09:703][580]LogEditorTransaction: Undo Rotate Actors
[2020.11.30-00.46.28:478][436]LogEditorViewport: Clicking on Actor (LMB): StaticMeshActor (Floor)
[2020.11.30-00.46.42:609][ 72]LogEditorViewport: Clicking on Actor (LMB): StaticMeshActor (Floor)
[2020.11.30-00.46.44:483][154]LogEditorViewport: Clicking on Actor (LMB): Plant_Leaf_BP_C (Plant_Leaf_BP4)
[2020.11.30-00.46.54:885][622]LogEditorViewport: Clicking on Actor (LMB): StaticMeshActor (Floor)
[2020.11.30-00.47.14:678][499]LogEditorViewport: Clicking on Actor (LMB): Building_C_BP_C (Building_C_BP5)
[2020.11.30-00.47.14:990][511]Cmd: CAMERA ALIGN ACTIVEVIEWPORTONLY
[2020.11.30-00.47.22:050][843]Cmd: TRANSACTION UNDO
[2020.11.30-00.47.22:050][843]LogEditorTransaction: Undo Scale Actors
[2020.11.30-00.47.30:567][225]Cmd: TRANSACTION UNDO
[2020.11.30-00.47.30:568][225]LogEditorTransaction: Undo Scale Actors
[2020.11.30-00.47.43:914][830]Cmd: TRANSACTION UNDO
[2020.11.30-00.47.43:914][830]LogEditorTransaction: Undo Scale Actors
[2020.11.30-00.47.51:969][190]LogEditorViewport: Clicking on Actor (LMB): Building_D_BP_C (Building_D_BP7)
[2020.11.30-00.47.52:255][201]Cmd: CAMERA ALIGN ACTIVEVIEWPORTONLY
[2020.11.30-00.48.15:706][300]LogEditorViewport: Clicking on Actor (LMB): Building_C_BP_C (Building_C_BP5)
[2020.11.30-00.48.16:075][313]LogEditorViewport: Clicking on Component (LMB): StaticMeshComponent (StaticMesh1)
[2020.11.30-00.48.16:986][353]Cmd: TRANSACTION UNDO
[2020.11.30-00.48.16:986][353]LogEditorTransaction: Undo Clicking on Components
[2020.11.30-00.48.18:457][403]Cmd: TRANSACTION UNDO
[2020.11.30-00.48.18:457][403]LogEditorTransaction: Undo Move Actors
[2020.11.30-00.48.23:112][599]Cmd: CAMERA ALIGN ACTIVEVIEWPORTONLY
[2020.11.30-00.48.31:483][985]LogEditorViewport: Clicking on Actor (LMB): StaticMeshActor (Floor)
[2020.11.30-00.48.32:784][ 38]LogEditorViewport: Clicking on Actor (LMB): Building_C_BP_C (Building_C_BP5)
[2020.11.30-00.48.59:429][263]LogEditorViewport: Clicking on Actor (LMB): Building_B_BP_C (Building_B_BP7)
[2020.11.30-00.48.59:864][281]Cmd: CAMERA ALIGN ACTIVEVIEWPORTONLY
[2020.11.30-00.49.12:792][862]LogEditorViewport: Clicking on Actor (LMB): Building_C_BP_C (Building_C_BP5)
[2020.11.30-00.49.13:176][878]Cmd: CAMERA ALIGN ACTIVEVIEWPORTONLY
[2020.11.30-00.49.21:920][278]LogEditorViewport: Clicking on Actor (LMB): Screen_BP_C (Screen_BP)
[2020.11.30-00.49.35:415][859]LogD3D11RHI: Timed out while waiting for GPU to catch up. (0.5 s) (ErrorCode 00000001)
